Defaulting ZAP install dir to C:\Program Files\ZAP\Zed Attack Proxy
565 [main] INFO  org.zaproxy.zap.DaemonBootstrap - ZAP 2.16.0 started 4.03.2025, 09:44:43 with home: C:\Users\grabowmar\ZAP\ cores: 16 maxMemory: 1 GB
609 [main] INFO  org.parosproxy.paros.common.AbstractParam - Setting config api.key = 5tjkc409k4oaacd69qob5p6uri was 5tjkc409k4oaacd69qob5p6uri
610 [main] INFO  org.parosproxy.paros.common.AbstractParam - Setting config api.addrs.addr.name = .* was .*
610 [main] INFO  org.parosproxy.paros.common.AbstractParam - Setting config api.addrs.addr.regex = true was true
610 [main] INFO  org.parosproxy.paros.common.AbstractParam - Setting config connection.timeoutInSecs = 300 was null
620 [main] WARN  org.zaproxy.zap.extension.api.OptionsParamApi - Failed to read a permitted address entry, required value is empty.
620 [main] WARN  org.zaproxy.zap.extension.api.OptionsParamApi - Failed to read a permitted address entry, required value is empty.
620 [main] WARN  org.zaproxy.zap.extension.api.OptionsParamApi - Failed to read a permitted address entry, required value is empty.
1192 [ZAP-daemon] WARN  org.zaproxy.zap.control.AddOn - Invalid add-on: C:\Users\grabowmar\ZAP\plugin\selenium-release-15.34.0.zap. zip END header not found
1452 [ZAP-daemon] INFO  org.zaproxy.zap.control.ExtensionFactory - Installed add-ons: [[id=alertFilters, version=23.0.0], [id=ascanrules, version=70.0.0], [id=authhelper, version=0.22.0], [id=automation, version=0.47.0], [id=bruteforce, version=17.0.0], [id=callhome, version=0.14.0], [id=client, version=0.13.0], [id=commonlib, version=1.30.0], [id=database, version=0.7.0], [id=diff, version=17.0.0], [id=directorylistv1, version=9.0.0], [id=domxss, version=21.0.0], [id=encoder, version=1.6.0], [id=exim, version=0.13.0], [id=formhandler, version=6.7.0], [id=fuzz, version=13.15.0], [id=gettingStarted, version=19.0.0], [id=graaljs, version=0.9.0], [id=graphql, version=0.26.0], [id=help, version=19.0.0], [id=hud, version=0.19.0], [id=invoke, version=16.0.0], [id=network, version=0.20.0], [id=oast, version=0.21.0], [id=onlineMenu, version=14.0.0], [id=openapi, version=44.0.0], [id=postman, version=0.6.0], [id=pscan, version=0.2.0], [id=pscanrules, version=62.0.0], [id=quickstart, version=51.0.0], [id=replacer, version=20.0.0], [id=reports, version=0.37.0], [id=requester, version=7.8.0], [id=retest, version=0.11.0], [id=retire, version=0.44.0], [id=reveal, version=9.0.0], [id=scanpolicies, version=0.2.0], [id=scripts, version=45.8.0], [id=selenium, version=15.33.0], [id=sequence, version=8.0.0], [id=soap, version=24.0.0], [id=spider, version=0.13.0], [id=spiderAjax, version=23.22.0], [id=tips, version=14.0.0], [id=webdriverwindows, version=127.0.0], [id=websocket, version=32.0.0], [id=zest, version=48.4.0]]
1453 [ZAP-daemon] INFO  org.zaproxy.zap.control.ExtensionFactory - Loading extensions
1533 [ZAP-daemon] WARN  org.zaproxy.zap.control.AddOnCollection - Failed to create add-on for selenium
java.util.zip.ZipException: zip END header not found
	at java.base/java.util.zip.ZipFile$Source.findEND(ZipFile.java:1649) ~[?:?]
	at java.base/java.util.zip.ZipFile$Source.initCEN(ZipFile.java:1657) ~[?:?]
	at java.base/java.util.zip.ZipFile$Source.<init>(ZipFile.java:1495) ~[?:?]
	at java.base/java.util.zip.ZipFile$Source.get(ZipFile.java:1458) ~[?:?]
	at java.base/java.util.zip.ZipFile$CleanableResource.<init>(ZipFile.java:724) ~[?:?]
	at java.base/java.util.zip.ZipFile.<init>(ZipFile.java:251) ~[?:?]
	at java.base/java.util.zip.ZipFile.<init>(ZipFile.java:180) ~[?:?]
	at java.base/java.util.zip.ZipFile.<init>(ZipFile.java:194) ~[?:?]
	at org.zaproxy.zap.control.AddOn.loadManifestFile(AddOn.java:504) ~[zap-2.16.0.jar:2.16.0]
	at org.zaproxy.zap.control.AddOn.<init>(AddOn.java:596) ~[zap-2.16.0.jar:2.16.0]
	at org.zaproxy.zap.control.AddOnCollection.load(AddOnCollection.java:143) ~[zap-2.16.0.jar:2.16.0]
	at org.zaproxy.zap.control.AddOnCollection.<init>(AddOnCollection.java:62) ~[zap-2.16.0.jar:2.16.0]
	at org.zaproxy.zap.control.AddOnCollection.<init>(AddOnCollection.java:54) ~[zap-2.16.0.jar:2.16.0]
	at org.zaproxy.zap.extension.autoupdate.ExtensionAutoUpdate.getPreviousVersionInfo(ExtensionAutoUpdate.java:1073) ~[zap-2.16.0.jar:2.16.0]
	at org.zaproxy.zap.extension.autoupdate.ExtensionAutoUpdate.<init>(ExtensionAutoUpdate.java:152) ~[zap-2.16.0.jar:2.16.0]
	at org.zaproxy.zap.control.CoreFunctionality.createExtensions(CoreFunctionality.java:87) ~[zap-2.16.0.jar:2.16.0]
	at org.zaproxy.zap.control.CoreFunctionality.getBuiltInExtensions(CoreFunctionality.java:70) ~[zap-2.16.0.jar:2.16.0]
	at org.zaproxy.zap.control.ExtensionFactory.loadAllExtension(ExtensionFactory.java:107) ~[zap-2.16.0.jar:2.16.0]
	at org.parosproxy.paros.control.Control.addExtension(Control.java:190) ~[zap-2.16.0.jar:2.16.0]
	at org.parosproxy.paros.control.AbstractControl.loadExtension(AbstractControl.java:54) ~[zap-2.16.0.jar:2.16.0]
	at org.parosproxy.paros.control.Control.init(Control.java:156) ~[zap-2.16.0.jar:2.16.0]
	at org.parosproxy.paros.control.Control.initSingletonWithoutView(Control.java:389) ~[zap-2.16.0.jar:2.16.0]
	at org.zaproxy.zap.HeadlessBootstrap.initControl(HeadlessBootstrap.java:59) ~[zap-2.16.0.jar:2.16.0]
	at org.zaproxy.zap.DaemonBootstrap$1.run(DaemonBootstrap.java:75) ~[zap-2.16.0.jar:2.16.0]
	at java.base/java.lang.Thread.run(Thread.java:1583) [?:?]
1848 [ZAP-daemon] INFO  org.zaproxy.addon.network.internal.TlsUtils - Using supported SSL/TLS protocols: [TLSv1.2, TLSv1.3]
2184 [ZAP-daemon] INFO  org.zaproxy.zap.control.ExtensionFactory - Extensions loaded
2621 [ZAP-daemon] INFO  org.parosproxy.paros.extension.ExtensionLoader - Initializing Auto-update Extension - Pozwala ZAP sprawdzać dostępność aktualizacji
2623 [ZAP-daemon] INFO  org.parosproxy.paros.extension.ExtensionLoader - Initializing Options Extension - Options Extension
2624 [ZAP-daemon] INFO  org.parosproxy.paros.extension.ExtensionLoader - Initializing Edytuj Menu Rozszerzeń - Edytuj Menu Rozszerzeń
2624 [ZAP-daemon] INFO  org.parosproxy.paros.extension.ExtensionLoader - Initializing Rozszerzenie API - Zapewnia API bazujące na rest w celu kontroli i dostępu do ZAP
2628 [ZAP-daemon] INFO  org.parosproxy.paros.extension.ExtensionLoader - Initializing Historia Add-on - Historia Add-on
2629 [ZAP-daemon] INFO  org.parosproxy.paros.extension.ExtensionLoader - Initializing ExtensionReveal - Show hidden fields and enable disabled fields
2629 [ZAP-daemon] INFO  org.parosproxy.paros.extension.ExtensionLoader - Initializing Search Extension - Search messages for strings and regular expressions
2630 [ZAP-daemon] INFO  org.parosproxy.paros.extension.ExtensionLoader - Initializing Breakpoint Extension - Pozwala na przechwytywanie i modyfikowanie żądań i odpowiedzi
2631 [ZAP-daemon] INFO  org.parosproxy.paros.extension.ExtensionLoader - Initializing Passive Scan Extension - Skaner pasywny
2631 [ZAP-daemon] INFO  org.parosproxy.paros.extension.ExtensionLoader - Initializing Rozszerzenie alertów - Pozwala na przeglądanie i zarządzanie alertami
2632 [ZAP-daemon] INFO  org.parosproxy.paros.extension.ExtensionLoader - Initializing Dodatek aktywnego skanowania - Skaner aktywny, mocno oparty na skanerze Paros, ale z dodatkowymi testami
2638 [ZAP-daemon] INFO  org.parosproxy.paros.extension.ExtensionLoader - Initializing ExtensionSequence - ExtensionSequence
2638 [ZAP-daemon] INFO  org.parosproxy.paros.extension.ExtensionLoader - Initializing Standard Menus Extension - A set of common popup menus for miscellaneous tasks
2638 [ZAP-daemon] INFO  org.parosproxy.paros.extension.ExtensionLoader - Initializing ExtensionBruteForce - Wymuszone przeglądanie plików i katalogów za pomocą kodu wygenerowanego przez OWASP DirBuster
2639 [ZAP-daemon] INFO  org.parosproxy.paros.extension.ExtensionLoader - Initializing Porównaj Rozszerzenia - Porównuje 2 sesje i generuje plik HTML z pokazanymi różnicami
2639 [ZAP-daemon] INFO  org.parosproxy.paros.extension.ExtensionLoader - Initializing ExtensionInvoke - Invoke external applications passing context related information such as URLs and parameters
2640 [ZAP-daemon] INFO  org.parosproxy.paros.extension.ExtensionLoader - Initializing Rozszerzenie Anty-CSRF - Obsługuje tokeny przeciw Cross-Site Request Forgery (CSRF)
2641 [ZAP-daemon] INFO  org.parosproxy.paros.extension.ExtensionLoader - Initializing Authentication Extension - Authentication Extension
2645 [ZAP-daemon] INFO  org.zaproxy.zap.extension.authentication.ExtensionAuthentication - Loaded authentication method types: [Uwierzytelnianie oparte o formularz, Uwierzytelnienie HTTP, Ręczna autoryzacja, Uwierzytelnianie oparte o skrypt, Uwierzytelnienie oparte na JSON-ie]
2647 [ZAP-daemon] INFO  org.parosproxy.paros.extension.ExtensionLoader - Initializing Users Extension - Users Extension
2649 [ZAP-daemon] INFO  org.parosproxy.paros.extension.ExtensionLoader - Initializing Parameters Extension - Summarise and analyse FORM and URL parameters as well as cookies
2649 [ZAP-daemon] INFO  org.parosproxy.paros.extension.ExtensionLoader - Initializing Script Extension - Script integration
2653 [ZAP-daemon] INFO  org.parosproxy.paros.extension.ExtensionLoader - Initializing ExtensionScripts - Scripting console, supports all JSR 223 scripting languages
2661 [ZAP-daemon] INFO  org.parosproxy.paros.extension.ExtensionLoader - Initializing Forced User Extension - Forced User Extension
2661 [ZAP-daemon] INFO  org.parosproxy.paros.extension.ExtensionLoader - Initializing HTTP Sessions Extension - Extension handling HTTP sessions
2662 [ZAP-daemon] INFO  org.parosproxy.paros.extension.ExtensionLoader - Initializing ExtensionZest - Zest is a specialized scripting language, originally, from Mozilla specifically designed to be used in security tools
2737 [ZAP-daemon] INFO  org.parosproxy.paros.extension.ExtensionLoader - Initializing ExtensionDiff - ExtensionDiff
2737 [ZAP-daemon] INFO  org.parosproxy.paros.extension.ExtensionLoader - Initializing HTTP Panel Post Table View Extension - HTTP Panel Post Table View Extension
2737 [ZAP-daemon] INFO  org.parosproxy.paros.extension.ExtensionLoader - Initializing Encoder Addon - Adds support for scriptable encoders to ZAP.
2737 [ZAP-daemon] INFO  org.parosproxy.paros.extension.ExtensionLoader - Initializing Session Management Extension - Session Management Extension
2740 [ZAP-daemon] INFO  org.zaproxy.zap.extension.sessions.ExtensionSessionManagement - Loaded session management method types: [Zarządzanie oparte na plikach cookie sesji, Zarządzanie sesjami uwierzytelniania HTTP, Script-based Session Management]
2740 [ZAP-daemon] INFO  org.parosproxy.paros.extension.ExtensionLoader - Initializing HTTP Panel Form Table View Extension - HTTP Panel Form Table View Extension
2740 [ZAP-daemon] INFO  org.parosproxy.paros.extension.ExtensionLoader - Initializing WebSockets Support - Capture messages from WebSockets with the ability to set breakpoints.
2750 [ZAP-daemon] INFO  org.parosproxy.paros.extension.ExtensionLoader - Initializing SOAP/WSDL Support - Allows you to import a WSDL file containing operations which ZAP will access, adding them to the Sites tree.
2750 [ZAP-daemon] INFO  org.parosproxy.paros.extension.ExtensionLoader - Initializing Core UI Extension - Core UI related functionality.
2750 [ZAP-daemon] INFO  org.parosproxy.paros.extension.ExtensionLoader - Initializing Authorization Extension - Authorization Extension
2751 [ZAP-daemon] INFO  org.parosproxy.paros.extension.ExtensionLoader - Initializing Requester - Allows to manually edit and send messages.
2752 [ZAP-daemon] INFO  org.parosproxy.paros.extension.ExtensionLoader - Initializing "pająka AJAX" - AJAX Spider, uses Crawljax
2754 [ZAP-daemon] INFO  org.parosproxy.paros.extension.ExtensionLoader - Initializing WebDriver Provider - Provides WebDrivers to control several browsers using Selenium and includes HtmlUnit browser.
2761 [ZAP-daemon] INFO  org.parosproxy.paros.extension.ExtensionLoader - Initializing Refresh Sites Tree Extension - Adds menu item to refresh the Sites tree
2761 [ZAP-daemon] INFO  org.parosproxy.paros.extension.ExtensionLoader - Initializing Rozszerzenie Pomocy - ZAP User Guide
2762 [ZAP-daemon] INFO  org.parosproxy.paros.extension.ExtensionLoader - Initializing Call Home - Handles all of the calls to ZAP services
2762 [ZAP-daemon] INFO  org.parosproxy.paros.extension.ExtensionLoader - Initializing Network Extension - Provides core networking capabilities.
2917 [ZAP-daemon] INFO  org.zaproxy.addon.network.ConnectionOptions - Unsafe SSL/TLS renegotiation disabled.
2918 [ZAP-daemon] INFO  org.parosproxy.paros.extension.ExtensionLoader - Initializing Extension Configuration Extension - Umożliwia zdefiniowanie, które rozszerzenia są ładowane, gdy ZAP jest uruchamiany 
2919 [ZAP-daemon] INFO  org.parosproxy.paros.extension.ExtensionLoader - Initializing Combined HTTP Panels Extension - Combined HTTP Panels Extension
2919 [ZAP-daemon] INFO  org.parosproxy.paros.extension.ExtensionLoader - Initializing HTTP Panel Hex View Extension - HTTP Panel Hex View Extension
2919 [ZAP-daemon] INFO  org.parosproxy.paros.extension.ExtensionLoader - Initializing HTTP Panel Image View Extension - HTTP Panel Image View Extension
2919 [ZAP-daemon] INFO  org.parosproxy.paros.extension.ExtensionLoader - Initializing HTTP Panel Query Table View Extension - HTTP Panel Query Table View Extension
2919 [ZAP-daemon] INFO  org.parosproxy.paros.extension.ExtensionLoader - Initializing HTTP Panel Syntax Highlighter View Extension - HTTP Panel Syntax Highlighter View Extension
2919 [ZAP-daemon] INFO  org.parosproxy.paros.extension.ExtensionLoader - Initializing Keyboard Configuration Extension - Adds support for configurable keyboard shortcuts for all of the ZAP menus.
2919 [ZAP-daemon] INFO  org.parosproxy.paros.extension.ExtensionLoader - Initializing Scanner Rule Configuration Extension - Active and passive rule configuration
2921 [ZAP-daemon] INFO  org.parosproxy.paros.extension.ExtensionLoader - Initializing Statistics Extension - Statystyki
2923 [ZAP-daemon] INFO  org.zaproxy.zap.extension.stats.ExtensionStats - Start recording in memory stats
2926 [ZAP-daemon] INFO  org.parosproxy.paros.extension.ExtensionLoader - Initializing Custom Pages Extension - Custom Pages Definition
2926 [ZAP-daemon] INFO  org.parosproxy.paros.extension.ExtensionLoader - Initializing ExtensionAlertFilters - Context alert rules filter
2928 [ZAP-daemon] INFO  org.parosproxy.paros.extension.ExtensionLoader - Initializing Alert Filters Automation - Alert Filters Automation Framework Integration
2929 [ZAP-daemon] INFO  org.parosproxy.paros.extension.ExtensionLoader - Initializing Active Scan Rules - Release status active scan rules
2929 [ZAP-daemon] INFO  org.parosproxy.paros.extension.ExtensionLoader - Initializing Common Library - A library of shared functionality
2930 [ZAP-daemon] INFO  org.parosproxy.paros.extension.ExtensionLoader - Initializing Database Extension - Provides databases and persistence capabilities.
2930 [ZAP-daemon] INFO  org.parosproxy.paros.extension.ExtensionLoader - Initializing ExtensionDomXSS - Reguły aktywnego skanowania DOM XSS
2969 [ZAP-daemon] INFO  org.parosproxy.paros.extension.ExtensionLoader - Initializing Import/Export - Import and Export functionality supporting multiple formats.
2970 [ZAP-daemon] INFO  org.parosproxy.paros.extension.ExtensionLoader - Initializing Import/Export Automation - Import/Export Automation Framework Integration
2971 [ZAP-daemon] INFO  org.parosproxy.paros.extension.ExtensionLoader - Initializing ExtensionFormHandler - This extension allows a user to change the default values used for generated content (e.g. spiders, importers).
2972 [ZAP-daemon] INFO  org.parosproxy.paros.extension.ExtensionLoader - Initializing Zaawansowany Fuzzer - Provides the foundation for concrete message types (for example, HTTP, WebSockets) expose fuzzer implementations.
2973 [ZAP-daemon] INFO  org.parosproxy.paros.extension.ExtensionLoader - Initializing HTTP Fuzzer - Allows to fuzz HTTP messages.
2973 [ZAP-daemon] INFO  org.parosproxy.paros.extension.ExtensionLoader - Initializing ExtensionGettingStarted - ZAP Przewodnik dla początkujących
2973 [ZAP-daemon] INFO  org.parosproxy.paros.extension.ExtensionLoader - Initializing GraalVM JavaScript Engine Extension - Provides the GraalVM JavaScript engine for ZAP scripting.
3107 [ZAP-daemon] INFO  org.parosproxy.paros.extension.ExtensionLoader - Initializing ExtensionGraphQl - Allows you to inspect and attack GraphQL endpoints.
3109 [ZAP-daemon] INFO  org.parosproxy.paros.extension.ExtensionLoader - Initializing GraphQL Automation - GraphQL Automation Framework Integration
3110 [ZAP-daemon] INFO  org.parosproxy.paros.extension.ExtensionLoader - Initializing GraphQL Spider - GraphQL Spider Integration
3110 [ZAP-daemon] INFO  org.parosproxy.paros.extension.ExtensionLoader - Initializing ExtensionHUD - Heads Up Display
3239 [ZAP-daemon] INFO  org.parosproxy.paros.extension.ExtensionLoader - Initializing ExtensionHUDlaunch - ExtensionHUDlaunch
3240 [ZAP-daemon] INFO  org.parosproxy.paros.extension.ExtensionLoader - Initializing Out-of-band Application Security Testing - Adds Out-of-band Application Security Testing functionality.
3244 [ZAP-daemon] INFO  org.parosproxy.paros.extension.ExtensionLoader - Initializing OAST Scripts - Adds OAST scripts.
3244 [ZAP-daemon] INFO  org.parosproxy.paros.extension.ExtensionLoader - Initializing ExtensionOnlineMenu - Linki menu Online
3244 [ZAP-daemon] INFO  org.parosproxy.paros.extension.ExtensionLoader - Initializing OpenAPI Import - Allows you to spider and import OpenAPI (Swagger) definitions 
3245 [ZAP-daemon] INFO  org.parosproxy.paros.extension.ExtensionLoader - Initializing OpenAPI Automation - OpenAPI Automation Framework Integration
3245 [ZAP-daemon] INFO  org.parosproxy.paros.extension.ExtensionLoader - Initializing OpenAPI Spider - OpenAPI Spider Integration
3246 [ZAP-daemon] INFO  org.parosproxy.paros.extension.ExtensionLoader - Initializing Zasady skanowania pasywnego - Release status passive scan rules.
3247 [ZAP-daemon] INFO  org.parosproxy.paros.extension.ExtensionLoader - Initializing Quick Start panel  - Adds the Quick Start panel for scanning and exploring applications
3247 [ZAP-daemon] INFO  org.parosproxy.paros.extension.ExtensionLoader - Initializing Quick Start Ajax Spider integration - Add the option to use the Ajax Spider in the Quick Start scan
3248 [ZAP-daemon] INFO  org.parosproxy.paros.extension.ExtensionLoader - Initializing Quick Start HUD Integration - HUD integration for the quick start panel
3248 [ZAP-daemon] INFO  org.parosproxy.paros.extension.ExtensionLoader - Initializing Quick Start Browser Launcher - Launch browsers preset proxying through ZAP
3248 [ZAP-daemon] INFO  org.parosproxy.paros.extension.ExtensionLoader - Initializing Quick Start Spider Integration - Adds the option to use the traditional Spider in the Quick Start scan.
3249 [ZAP-daemon] INFO  org.parosproxy.paros.extension.ExtensionLoader - Initializing Match and Replace - Easy way to replace strings in requests and responses
3250 [ZAP-daemon] INFO  org.parosproxy.paros.extension.ExtensionLoader - Initializing Replacer Automation - Replacer Automation Framework Integration
3250 [ZAP-daemon] INFO  org.parosproxy.paros.extension.ExtensionLoader - Initializing Retest - Facilitates the verification of presence/absence of certain alerts.
3252 [ZAP-daemon] INFO  org.parosproxy.paros.extension.ExtensionLoader - Initializing Scripts Automation Framework Integration - Scripts Automation
3255 [ZAP-daemon] INFO  org.parosproxy.paros.extension.ExtensionLoader - Initializing Sequence Automation - Sequence Automation Framework Integration
3257 [ZAP-daemon] INFO  org.parosproxy.paros.extension.ExtensionLoader - Initializing SOAP Automation - SOAP Automation Framework Integration
3258 [ZAP-daemon] INFO  org.parosproxy.paros.extension.ExtensionLoader - Initializing SOAP Spider - SOAP Spider Integration
3258 [ZAP-daemon] INFO  org.parosproxy.paros.extension.ExtensionLoader - Initializing Spider Extension - Spider used for automatically finding URIs on a site.
3273 [ZAP-daemon] INFO  org.parosproxy.paros.extension.ExtensionLoader - Initializing Spider Automation - Spider Automation Integration
3275 [ZAP-daemon] INFO  org.parosproxy.paros.extension.ExtensionLoader - Initializing Ajax Spider Automation - Ajax Spider Automation Framework Integration
3277 [ZAP-daemon] INFO  org.parosproxy.paros.extension.ExtensionLoader - Initializing ExtensionTipsAndTricks - Porady i wskazówki
3278 [ZAP-daemon] INFO  org.parosproxy.paros.extension.ExtensionLoader - Initializing WebSocket Fuzzer - Allows to fuzz WebSocket messages.
3278 [ZAP-daemon] INFO  org.parosproxy.paros.extension.ExtensionLoader - Initializing WebSocket Message Editor - Provides the WebSocket Message Editor dialogues.
3278 [ZAP-daemon] INFO  org.parosproxy.paros.extension.ExtensionLoader - Initializing Authentication Helper - Authentication Helper
3281 [ZAP-daemon] INFO  org.parosproxy.paros.extension.ExtensionLoader - Initializing Client Spider Browser Based Authentication Support - Enables browser based authentication when performing an authenticated Client Spider scan.
3282 [ZAP-daemon] INFO  org.parosproxy.paros.extension.ExtensionLoader - Initializing Authentication Helper Reports - Authentication Helper Reports
3282 [ZAP-daemon] INFO  org.parosproxy.paros.extension.ExtensionLoader - Initializing AJAX Spider Browser Based Authentication Support - Enables browser based authentication when performing an authenticated AJAX Spider scan.
3282 [ZAP-daemon] INFO  org.parosproxy.paros.extension.ExtensionLoader - Initializing Automation Framework - Provides functionality to simplify using ZAP in an automated manner
3283 [ZAP-daemon] INFO  org.parosproxy.paros.extension.ExtensionLoader - Initializing ExtensionClientIntegration - Client Side Integration
3285 [ZAP-daemon] INFO  org.parosproxy.paros.extension.ExtensionLoader - Initializing Client Spider Automation - Client Spider Automation Framework Integration
3286 [ZAP-daemon] INFO  org.parosproxy.paros.extension.ExtensionLoader - Initializing Client Zest Script Recording Support - Allows recording client events as Zest scripts.
3287 [ZAP-daemon] INFO  org.parosproxy.paros.extension.ExtensionLoader - Initializing Postman Import - Allows you to spider and import Postman collections
3287 [ZAP-daemon] INFO  org.parosproxy.paros.extension.ExtensionLoader - Initializing Postman Automation - Postman Automation Framework Integration
3288 [ZAP-daemon] INFO  org.parosproxy.paros.extension.ExtensionLoader - Initializing Passive Scanner Extension - Provides core passive scanning capabilities.
3315 [ZAP-daemon] INFO  org.parosproxy.paros.extension.ExtensionLoader - Initializing Passive Scanner Automation Framework Extension - Provides jobs and result data related to the passive scanner.
3316 [ZAP-daemon] INFO  org.parosproxy.paros.extension.ExtensionLoader - Initializing Report Generator - Templated and themed report generation functionality
3317 [ZAP-daemon] INFO  org.parosproxy.paros.extension.ExtensionLoader - Initializing Report Generation Automation Integration - Report Generation Automation Integration
3782 [ZAP-daemon] INFO  org.flywaydb.core.internal.license.VersionPrinter - Flyway Community Edition 9.22.3 by Redgate
3783 [ZAP-daemon] INFO  org.flywaydb.core.internal.license.VersionPrinter - See release notes here: https://rd.gt/416ObMi
3783 [ZAP-daemon] INFO  org.flywaydb.core.internal.license.VersionPrinter - 
3796 [ZAP-daemon] INFO  org.flywaydb.core.FlywayExecutor - Database: jdbc:hsqldb:file:C:\Users\grabowmar\ZAP\db\permanent (HSQL Database Engine 2.7)
3815 [ZAP-daemon] INFO  org.flywaydb.core.internal.command.DbValidate - Successfully validated 2 migrations (execution time 00:00.010s)
3821 [ZAP-daemon] INFO  org.flywaydb.core.internal.command.DbMigrate - Current version of schema "PUBLIC": 2
3824 [ZAP-daemon] INFO  org.flywaydb.core.internal.command.DbMigrate - Schema "PUBLIC" is up to date. No migration necessary.
3843 [ZAP-daemon] INFO  org.zaproxy.addon.oast.services.callback.CallbackService - Started callback service on 0.0.0.0:51486
3870 [ZAP-daemon] INFO  org.zaproxy.addon.pscan.internal.ScanRuleManager - Loaded passive scan rule: Anti-clickjacking Header
3870 [ZAP-daemon] INFO  org.zaproxy.addon.pscan.internal.ScanRuleManager - Loaded passive scan rule: Application Error Disclosure
3872 [ZAP-daemon] INFO  org.zaproxy.addon.pscan.internal.ScanRuleManager - Loaded passive scan rule: Big Redirect Detected (Potential Sensitive Information Leak)
3872 [ZAP-daemon] INFO  org.zaproxy.addon.pscan.internal.ScanRuleManager - Loaded passive scan rule: Re-examine Cache-control Directives
3872 [ZAP-daemon] INFO  org.zaproxy.addon.pscan.internal.ScanRuleManager - Loaded passive scan rule: Charset Mismatch
3872 [ZAP-daemon] INFO  org.zaproxy.addon.pscan.internal.ScanRuleManager - Loaded passive scan rule: Content Security Policy (CSP) Header Not Set
3872 [ZAP-daemon] INFO  org.zaproxy.addon.pscan.internal.ScanRuleManager - Loaded passive scan rule: CSP
3872 [ZAP-daemon] INFO  org.zaproxy.addon.pscan.internal.ScanRuleManager - Loaded passive scan rule: Content-Type Header Missing
3872 [ZAP-daemon] INFO  org.zaproxy.addon.pscan.internal.ScanRuleManager - Loaded passive scan rule: Cookie No HttpOnly Flag
3872 [ZAP-daemon] INFO  org.zaproxy.addon.pscan.internal.ScanRuleManager - Loaded passive scan rule: Loosely Scoped Cookie
3872 [ZAP-daemon] INFO  org.zaproxy.addon.pscan.internal.ScanRuleManager - Loaded passive scan rule: Cookie without SameSite Attribute
3872 [ZAP-daemon] INFO  org.zaproxy.addon.pscan.internal.ScanRuleManager - Loaded passive scan rule: Cookie Without Secure Flag
3872 [ZAP-daemon] INFO  org.zaproxy.addon.pscan.internal.ScanRuleManager - Loaded passive scan rule: Cross-Domain Misconfiguration
3872 [ZAP-daemon] INFO  org.zaproxy.addon.pscan.internal.ScanRuleManager - Loaded passive scan rule: Cross-Domain JavaScript Source File Inclusion
3872 [ZAP-daemon] INFO  org.zaproxy.addon.pscan.internal.ScanRuleManager - Loaded passive scan rule: Absence of Anti-CSRF Tokens
3872 [ZAP-daemon] INFO  org.zaproxy.addon.pscan.internal.ScanRuleManager - Loaded passive scan rule: Directory Browsing
3872 [ZAP-daemon] INFO  org.zaproxy.addon.pscan.internal.ScanRuleManager - Loaded passive scan rule: Hash Disclosure
3873 [ZAP-daemon] INFO  org.zaproxy.addon.pscan.internal.ScanRuleManager - Loaded passive scan rule: Heartbleed OpenSSL Vulnerability (Indicative)
3873 [ZAP-daemon] INFO  org.zaproxy.addon.pscan.internal.ScanRuleManager - Loaded passive scan rule: Private IP Disclosure
3873 [ZAP-daemon] INFO  org.zaproxy.addon.pscan.internal.ScanRuleManager - Loaded passive scan rule: Session ID in URL Rewrite
3873 [ZAP-daemon] INFO  org.zaproxy.addon.pscan.internal.ScanRuleManager - Loaded passive scan rule: Information Disclosure - Debug Error Messages
3873 [ZAP-daemon] INFO  org.zaproxy.addon.pscan.internal.ScanRuleManager - Loaded passive scan rule: Information Disclosure - Sensitive Information in URL
3873 [ZAP-daemon] INFO  org.zaproxy.addon.pscan.internal.ScanRuleManager - Loaded passive scan rule: Information Disclosure - Sensitive Information in HTTP Referrer Header
3873 [ZAP-daemon] INFO  org.zaproxy.addon.pscan.internal.ScanRuleManager - Loaded passive scan rule: Information Disclosure - Suspicious Comments
3873 [ZAP-daemon] INFO  org.zaproxy.addon.pscan.internal.ScanRuleManager - Loaded passive scan rule: Weak Authentication Method
3873 [ZAP-daemon] INFO  org.zaproxy.addon.pscan.internal.ScanRuleManager - Loaded passive scan rule: HTTP to HTTPS Insecure Transition in Form Post
3873 [ZAP-daemon] INFO  org.zaproxy.addon.pscan.internal.ScanRuleManager - Loaded passive scan rule: HTTPS to HTTP Insecure Transition in Form Post
3873 [ZAP-daemon] INFO  org.zaproxy.addon.pscan.internal.ScanRuleManager - Loaded passive scan rule: Insecure JSF ViewState
3873 [ZAP-daemon] INFO  org.zaproxy.addon.pscan.internal.ScanRuleManager - Loaded passive scan rule: Reverse Tabnabbing
3873 [ZAP-daemon] INFO  org.zaproxy.addon.pscan.internal.ScanRuleManager - Loaded passive scan rule: Secure Pages Include Mixed Content
3874 [ZAP-daemon] INFO  org.zaproxy.addon.pscan.internal.ScanRuleManager - Loaded passive scan rule: Modern Web Application
3874 [ZAP-daemon] INFO  org.zaproxy.addon.pscan.internal.ScanRuleManager - Loaded passive scan rule: PII Disclosure
3874 [ZAP-daemon] INFO  org.zaproxy.addon.pscan.internal.ScanRuleManager - Loaded passive scan rule: Script Served From Malicious Domain (polyfill)
3874 [ZAP-daemon] INFO  org.zaproxy.addon.pscan.internal.ScanRuleManager - Loaded passive scan rule: Retrieved from Cache
3874 [ZAP-daemon] INFO  org.zaproxy.addon.pscan.internal.ScanRuleManager - Loaded passive scan rule: HTTP Server Response Header
3874 [ZAP-daemon] INFO  org.zaproxy.addon.pscan.internal.ScanRuleManager - Loaded passive scan rule: Strict-Transport-Security Header
3874 [ZAP-daemon] INFO  org.zaproxy.addon.pscan.internal.ScanRuleManager - Loaded passive scan rule: Timestamp Disclosure
3874 [ZAP-daemon] INFO  org.zaproxy.addon.pscan.internal.ScanRuleManager - Loaded passive scan rule: User Controllable Charset
3874 [ZAP-daemon] INFO  org.zaproxy.addon.pscan.internal.ScanRuleManager - Loaded passive scan rule: Cookie Poisoning
3874 [ZAP-daemon] INFO  org.zaproxy.addon.pscan.internal.ScanRuleManager - Loaded passive scan rule: User Controllable HTML Element Attribute (Potential XSS)
3874 [ZAP-daemon] INFO  org.zaproxy.addon.pscan.internal.ScanRuleManager - Loaded passive scan rule: User Controllable JavaScript Event (XSS)
3874 [ZAP-daemon] INFO  org.zaproxy.addon.pscan.internal.ScanRuleManager - Loaded passive scan rule: Open Redirect
3874 [ZAP-daemon] INFO  org.zaproxy.addon.pscan.internal.ScanRuleManager - Loaded passive scan rule: Username Hash Found
3874 [ZAP-daemon] INFO  org.zaproxy.addon.pscan.internal.ScanRuleManager - Loaded passive scan rule: Viewstate
3874 [ZAP-daemon] INFO  org.zaproxy.addon.pscan.internal.ScanRuleManager - Loaded passive scan rule: X-AspNet-Version Response Header
3874 [ZAP-daemon] INFO  org.zaproxy.addon.pscan.internal.ScanRuleManager - Loaded passive scan rule: X-Backend-Server Header Information Leak
3874 [ZAP-daemon] INFO  org.zaproxy.addon.pscan.internal.ScanRuleManager - Loaded passive scan rule: X-ChromeLogger-Data (XCOLD) Header Information Leak
3874 [ZAP-daemon] INFO  org.zaproxy.addon.pscan.internal.ScanRuleManager - Loaded passive scan rule: X-Content-Type-Options Header Missing
3874 [ZAP-daemon] INFO  org.zaproxy.addon.pscan.internal.ScanRuleManager - Loaded passive scan rule: X-Debug-Token Information Leak
3874 [ZAP-daemon] INFO  org.zaproxy.addon.pscan.internal.ScanRuleManager - Loaded passive scan rule: Server Leaks Information via "X-Powered-By" HTTP Response Header Field(s)
3875 [ZAP-daemon] INFO  org.zaproxy.addon.pscan.internal.ScanRuleManager - Loaded passive scan rule: Vulnerable JS Library (Powered by Retire.js)
3876 [ZAP-daemon] INFO  org.zaproxy.addon.pscan.internal.ScanRuleManager - Loaded passive scan rule: Script Passive Scan Rules
3876 [ZAP-daemon] INFO  org.zaproxy.addon.pscan.internal.ScanRuleManager - Loaded passive scan rule: WSDL File Detection
3879 [ZAP-daemon] INFO  org.zaproxy.addon.pscan.internal.ScanRuleManager - Loaded passive scan rule: Authentication Request Identified
3879 [ZAP-daemon] INFO  org.zaproxy.addon.pscan.internal.ScanRuleManager - Loaded passive scan rule: Session Management Response Identified
3879 [ZAP-daemon] INFO  org.zaproxy.addon.pscan.internal.ScanRuleManager - Loaded passive scan rule: Verification Request Identified
3879 [ZAP-daemon] INFO  org.zaproxy.addon.pscan.internal.ScanRuleManager - Loaded passive scan rule: Stats Passive Scan Rule
5104 [ZAP-cfu] WARN  org.zaproxy.zap.control.AddOnCollection - Failed to create add-on for selenium
java.util.zip.ZipException: zip END header not found
	at java.base/java.util.zip.ZipFile$Source.findEND(ZipFile.java:1649) ~[?:?]
	at java.base/java.util.zip.ZipFile$Source.initCEN(ZipFile.java:1657) ~[?:?]
	at java.base/java.util.zip.ZipFile$Source.<init>(ZipFile.java:1495) ~[?:?]
	at java.base/java.util.zip.ZipFile$Source.get(ZipFile.java:1458) ~[?:?]
	at java.base/java.util.zip.ZipFile$CleanableResource.<init>(ZipFile.java:724) ~[?:?]
	at java.base/java.util.zip.ZipFile.<init>(ZipFile.java:251) ~[?:?]
	at java.base/java.util.zip.ZipFile.<init>(ZipFile.java:180) ~[?:?]
	at java.base/java.util.zip.ZipFile.<init>(ZipFile.java:194) ~[?:?]
	at org.zaproxy.zap.control.AddOn.loadManifestFile(AddOn.java:504) ~[zap-2.16.0.jar:2.16.0]
	at org.zaproxy.zap.control.AddOn.<init>(AddOn.java:596) ~[zap-2.16.0.jar:2.16.0]
	at org.zaproxy.zap.control.AddOnCollection.load(AddOnCollection.java:143) [zap-2.16.0.jar:2.16.0]
	at org.zaproxy.zap.control.AddOnCollection.<init>(AddOnCollection.java:62) [zap-2.16.0.jar:2.16.0]
	at org.zaproxy.zap.extension.autoupdate.ExtensionAutoUpdate$4.run(ExtensionAutoUpdate.java:1142) [zap-2.16.0.jar:2.16.0]
5946 [ZAP-daemon] INFO  org.zaproxy.addon.network.ExtensionNetwork - ZAP is now listening on 127.0.0.1:8090
10050 [ZAP-SpiderInitThread-0] INFO  org.zaproxy.addon.spider.SpiderThread - Starting spidering scan on http://localhost:5503 at 2025-03-04T09:44:53.405+0100
10052 [ZAP-SpiderInitThread-0] INFO  org.zaproxy.addon.spider.Spider - Spider initializing...
10057 [ZAP-SpiderInitThread-0] INFO  org.zaproxy.addon.spider.Spider - Starting spider...
10267 [ZAP-SpiderThreadPool-0-thread-6] INFO  org.zaproxy.addon.spider.Spider - Spidering process is complete. Shutting down...
10268 [ZAP-SpiderShutdownThread-0] INFO  org.zaproxy.addon.spider.SpiderThread - Spider scanning complete: true on http://localhost:5503 at 2025-03-04T09:44:53.623+0100
17093 [ZAP-IO-Server-1-1] INFO  org.parosproxy.paros.core.scanner.Scanner - scanner with ID 0 started
17267 [ZAP-Scanner-0] INFO  org.parosproxy.paros.core.scanner.HostProcess - Scanning 7 node(s) from http://localhost:5503
17268 [ZAP-Scanner-0] INFO  org.parosproxy.paros.core.scanner.HostProcess - start host http://localhost:5503 | RemoteFileIncludeScanRule strength MEDIUM threshold MEDIUM
17330 [ZAP-Scanner-0] INFO  org.parosproxy.paros.core.scanner.HostProcess - completed host/plugin http://localhost:5503 | RemoteFileIncludeScanRule in 0,062s with 0 message(s) sent and 0 alert(s) raised.
17330 [ZAP-Scanner-0] INFO  org.parosproxy.paros.core.scanner.HostProcess - start host http://localhost:5503 | ExternalRedirectScanRule strength MEDIUM threshold MEDIUM
17387 [ZAP-Scanner-0] INFO  org.parosproxy.paros.core.scanner.HostProcess - completed host/plugin http://localhost:5503 | ExternalRedirectScanRule in 0,057s with 0 message(s) sent and 0 alert(s) raised.
17387 [ZAP-Scanner-0] INFO  org.parosproxy.paros.core.scanner.HostProcess - start host http://localhost:5503 | ServerSideIncludeScanRule strength MEDIUM threshold MEDIUM
17445 [ZAP-Scanner-0] INFO  org.parosproxy.paros.core.scanner.HostProcess - completed host/plugin http://localhost:5503 | ServerSideIncludeScanRule in 0,058s with 0 message(s) sent and 0 alert(s) raised.
17445 [ZAP-Scanner-0] INFO  org.parosproxy.paros.core.scanner.HostProcess - start host http://localhost:5503 | SqlInjectionScanRule strength MEDIUM threshold MEDIUM
17505 [ZAP-Scanner-0] INFO  org.parosproxy.paros.core.scanner.HostProcess - completed host/plugin http://localhost:5503 | SqlInjectionScanRule in 0,06s with 0 message(s) sent and 0 alert(s) raised.
17505 [ZAP-Scanner-0] INFO  org.parosproxy.paros.core.scanner.HostProcess - start host http://localhost:5503 | CodeInjectionScanRule strength MEDIUM threshold MEDIUM
17563 [ZAP-Scanner-0] INFO  org.parosproxy.paros.core.scanner.HostProcess - completed host/plugin http://localhost:5503 | CodeInjectionScanRule in 0,058s with 0 message(s) sent and 0 alert(s) raised.
17563 [ZAP-Scanner-0] INFO  org.parosproxy.paros.core.scanner.HostProcess - start host http://localhost:5503 | CommandInjectionScanRule strength MEDIUM threshold MEDIUM
17615 [ZAP-Scanner-0] INFO  org.parosproxy.paros.core.scanner.HostProcess - completed host/plugin http://localhost:5503 | CommandInjectionScanRule in 0,052s with 0 message(s) sent and 0 alert(s) raised.
17615 [ZAP-Scanner-0] INFO  org.parosproxy.paros.core.scanner.HostProcess - start host http://localhost:5503 | XpathInjectionScanRule strength MEDIUM threshold MEDIUM
17679 [ZAP-Scanner-0] INFO  org.parosproxy.paros.core.scanner.HostProcess - completed host/plugin http://localhost:5503 | XpathInjectionScanRule in 0,064s with 0 message(s) sent and 0 alert(s) raised.
17680 [ZAP-Scanner-0] INFO  org.parosproxy.paros.core.scanner.HostProcess - start host http://localhost:5503 | XxeScanRule strength MEDIUM threshold MEDIUM
17741 [ZAP-Scanner-0] INFO  org.parosproxy.paros.core.scanner.HostProcess - completed host/plugin http://localhost:5503 | XxeScanRule in 0,062s with 0 message(s) sent and 0 alert(s) raised.
17741 [ZAP-Scanner-0] INFO  org.parosproxy.paros.core.scanner.HostProcess - start host http://localhost:5503 | CloudMetadataScanRule strength MEDIUM threshold MEDIUM
17741 [ZAP-Scanner-0] INFO  org.parosproxy.paros.core.scanner.HostProcess - start host http://localhost:5503 | SstiScanRule strength MEDIUM threshold MEDIUM
17869 [ZAP-ActiveScanner-0] INFO  org.parosproxy.paros.core.scanner.HostProcess - completed host/plugin http://localhost:5503 | CloudMetadataScanRule in 0,128s with 9 message(s) sent and 0 alert(s) raised.
17869 [ZAP-Scanner-0] INFO  org.parosproxy.paros.core.scanner.HostProcess - completed host/plugin http://localhost:5503 | SstiScanRule in 0,128s with 0 message(s) sent and 0 alert(s) raised.
17869 [ZAP-Scanner-0] INFO  org.parosproxy.paros.core.scanner.HostProcess - start host http://localhost:5503 | SstiBlindScanRule strength MEDIUM threshold MEDIUM
17917 [ZAP-Scanner-0] INFO  org.parosproxy.paros.core.scanner.HostProcess - completed host/plugin http://localhost:5503 | SstiBlindScanRule in 0,048s with 0 message(s) sent and 0 alert(s) raised.
17918 [ZAP-Scanner-0] INFO  org.parosproxy.paros.core.scanner.HostProcess - start host http://localhost:5503 | DirectoryBrowsingScanRule strength MEDIUM threshold MEDIUM
18007 [ZAP-Scanner-0] INFO  org.parosproxy.paros.core.scanner.HostProcess - completed host/plugin http://localhost:5503 | DirectoryBrowsingScanRule in 0,09s with 7 message(s) sent and 0 alert(s) raised.
18007 [ZAP-Scanner-0] INFO  org.parosproxy.paros.core.scanner.HostProcess - start host http://localhost:5503 | BufferOverflowScanRule strength MEDIUM threshold MEDIUM
18059 [ZAP-Scanner-0] INFO  org.parosproxy.paros.core.scanner.HostProcess - completed host/plugin http://localhost:5503 | BufferOverflowScanRule in 0,052s with 0 message(s) sent and 0 alert(s) raised.
18059 [ZAP-Scanner-0] INFO  org.parosproxy.paros.core.scanner.HostProcess - start host http://localhost:5503 | FormatStringScanRule strength MEDIUM threshold MEDIUM
18107 [ZAP-Scanner-0] INFO  org.parosproxy.paros.core.scanner.HostProcess - completed host/plugin http://localhost:5503 | FormatStringScanRule in 0,048s with 0 message(s) sent and 0 alert(s) raised.
18108 [ZAP-Scanner-0] INFO  org.parosproxy.paros.core.scanner.HostProcess - start host http://localhost:5503 | CrlfInjectionScanRule strength MEDIUM threshold MEDIUM
18161 [ZAP-Scanner-0] INFO  org.parosproxy.paros.core.scanner.HostProcess - completed host/plugin http://localhost:5503 | CrlfInjectionScanRule in 0,054s with 0 message(s) sent and 0 alert(s) raised.
18161 [ZAP-Scanner-0] INFO  org.parosproxy.paros.core.scanner.HostProcess - start host http://localhost:5503 | ParameterTamperScanRule strength MEDIUM threshold MEDIUM
18275 [ZAP-Scanner-0] INFO  org.parosproxy.paros.core.scanner.HostProcess - completed host/plugin http://localhost:5503 | ParameterTamperScanRule in 0,114s with 0 message(s) sent and 0 alert(s) raised.
18276 [ZAP-Scanner-0] INFO  org.parosproxy.paros.core.scanner.HostProcess - start host http://localhost:5503 | SpringActuatorScanRule strength MEDIUM threshold MEDIUM
18276 [ZAP-Scanner-0] INFO  org.parosproxy.paros.core.scanner.HostProcess - start host http://localhost:5503 | XsltInjectionScanRule strength MEDIUM threshold MEDIUM
18369 [ZAP-ActiveScanner-0] INFO  org.parosproxy.paros.core.scanner.HostProcess - completed host/plugin http://localhost:5503 | SpringActuatorScanRule in 0,094s with 2 message(s) sent and 0 alert(s) raised.
18377 [ZAP-Scanner-0] INFO  org.parosproxy.paros.core.scanner.HostProcess - completed host/plugin http://localhost:5503 | XsltInjectionScanRule in 0,101s with 0 message(s) sent and 0 alert(s) raised.
18377 [ZAP-Scanner-0] INFO  org.parosproxy.paros.core.scanner.HostProcess - start host http://localhost:5503 | ScriptsActiveScanner strength MEDIUM threshold MEDIUM
18377 [ZAP-Scanner-0] INFO  org.parosproxy.paros.core.scanner.HostProcess - skipped plugin [skrypty są niedozwolone] http://localhost:5503 | ScriptsActiveScanner in 0s with 0 message(s) sent and 0 alert(s) raised.
18378 [ZAP-Scanner-0] INFO  org.parosproxy.paros.core.scanner.HostProcess - start host http://localhost:5503 | SOAPActionSpoofingActiveScanRule strength MEDIUM threshold MEDIUM
18450 [ZAP-Scanner-0] INFO  org.parosproxy.paros.core.scanner.HostProcess - completed host/plugin http://localhost:5503 | SOAPActionSpoofingActiveScanRule in 0,073s with 0 message(s) sent and 0 alert(s) raised.
18450 [ZAP-Scanner-0] INFO  org.parosproxy.paros.core.scanner.HostProcess - start host http://localhost:5503 | SOAPXMLInjectionActiveScanRule strength MEDIUM threshold MEDIUM
18510 [ZAP-Scanner-0] INFO  org.parosproxy.paros.core.scanner.HostProcess - completed host/plugin http://localhost:5503 | SOAPXMLInjectionActiveScanRule in 0,06s with 0 message(s) sent and 0 alert(s) raised.
18510 [ZAP-Scanner-0] INFO  org.parosproxy.paros.core.scanner.HostProcess - completed host http://localhost:5503 in 1,411s with 0 alert(s) raised.
18510 [Thread-5] INFO  org.parosproxy.paros.core.scanner.Scanner - scanner with ID 0 completed in 1,417s
