[2025-05-22 09:58:13] Port ranges for Mistral_Devstral_Small:
[2025-05-22 09:58:13]   Backend: 5161-5220 (approx range end)
[2025-05-22 09:58:13]   Frontend: 5661-5720 (approx range end)
[2025-05-22 09:58:14] Ensured base directory exists: C:/Users/grabowmar/Desktop/ThesisAppsSvelte\models\Mistral_Devstral_Small
[2025-05-22 09:58:14] Creating app1 for Mistral_Devstral_Small in C:/Users/grabowmar/Desktop/ThesisAppsSvelte\models\Mistral_Devstral_Small\app1
[2025-05-22 09:58:14] Application app1 created for Mistral_Devstral_Small (Backend Port: 5161, Frontend Port: 5661)
[2025-05-22 09:58:14] Creating app2 for Mistral_Devstral_Small in C:/Users/grabowmar/Desktop/ThesisAppsSvelte\models\Mistral_Devstral_Small\app2
[2025-05-22 09:58:14] Application app2 created for Mistral_Devstral_Small (Backend Port: 5163, Frontend Port: 5663)
[2025-05-22 09:58:14] Creating app3 for Mistral_Devstral_Small in C:/Users/grabowmar/Desktop/ThesisAppsSvelte\models\Mistral_Devstral_Small\app3
[2025-05-22 09:58:14] Application app3 created for Mistral_Devstral_Small (Backend Port: 5165, Frontend Port: 5665)
[2025-05-22 09:58:14] Creating app4 for Mistral_Devstral_Small in C:/Users/grabowmar/Desktop/ThesisAppsSvelte\models\Mistral_Devstral_Small\app4
[2025-05-22 09:58:14] Application app4 created for Mistral_Devstral_Small (Backend Port: 5167, Frontend Port: 5667)
[2025-05-22 09:58:14] Creating app5 for Mistral_Devstral_Small in C:/Users/grabowmar/Desktop/ThesisAppsSvelte\models\Mistral_Devstral_Small\app5
[2025-05-22 09:58:14] Application app5 created for Mistral_Devstral_Small (Backend Port: 5169, Frontend Port: 5669)
[2025-05-22 09:58:14] Creating app6 for Mistral_Devstral_Small in C:/Users/grabowmar/Desktop/ThesisAppsSvelte\models\Mistral_Devstral_Small\app6
[2025-05-22 09:58:14] Application app6 created for Mistral_Devstral_Small (Backend Port: 5171, Frontend Port: 5671)
[2025-05-22 09:58:14] Creating app7 for Mistral_Devstral_Small in C:/Users/grabowmar/Desktop/ThesisAppsSvelte\models\Mistral_Devstral_Small\app7
[2025-05-22 09:58:14] Application app7 created for Mistral_Devstral_Small (Backend Port: 5173, Frontend Port: 5673)
[2025-05-22 09:58:14] Creating app8 for Mistral_Devstral_Small in C:/Users/grabowmar/Desktop/ThesisAppsSvelte\models\Mistral_Devstral_Small\app8
[2025-05-22 09:58:14] Application app8 created for Mistral_Devstral_Small (Backend Port: 5175, Frontend Port: 5675)
[2025-05-22 09:58:14] Creating app9 for Mistral_Devstral_Small in C:/Users/grabowmar/Desktop/ThesisAppsSvelte\models\Mistral_Devstral_Small\app9
[2025-05-22 09:58:14] Application app9 created for Mistral_Devstral_Small (Backend Port: 5177, Frontend Port: 5677)
[2025-05-22 09:58:14] Creating app10 for Mistral_Devstral_Small in C:/Users/grabowmar/Desktop/ThesisAppsSvelte\models\Mistral_Devstral_Small\app10
[2025-05-22 09:58:14] Application app10 created for Mistral_Devstral_Small (Backend Port: 5179, Frontend Port: 5679)
[2025-05-22 09:58:14] Creating app11 for Mistral_Devstral_Small in C:/Users/grabowmar/Desktop/ThesisAppsSvelte\models\Mistral_Devstral_Small\app11
[2025-05-22 09:58:14] Application app11 created for Mistral_Devstral_Small (Backend Port: 5181, Frontend Port: 5681)
[2025-05-22 09:58:14] Creating app12 for Mistral_Devstral_Small in C:/Users/grabowmar/Desktop/ThesisAppsSvelte\models\Mistral_Devstral_Small\app12
[2025-05-22 09:58:14] Application app12 created for Mistral_Devstral_Small (Backend Port: 5183, Frontend Port: 5683)
[2025-05-22 09:58:14] Creating app13 for Mistral_Devstral_Small in C:/Users/grabowmar/Desktop/ThesisAppsSvelte\models\Mistral_Devstral_Small\app13
[2025-05-22 09:58:14] Application app13 created for Mistral_Devstral_Small (Backend Port: 5185, Frontend Port: 5685)
[2025-05-22 09:58:14] Creating app14 for Mistral_Devstral_Small in C:/Users/grabowmar/Desktop/ThesisAppsSvelte\models\Mistral_Devstral_Small\app14
[2025-05-22 09:58:14] Application app14 created for Mistral_Devstral_Small (Backend Port: 5187, Frontend Port: 5687)
[2025-05-22 09:58:14] Creating app15 for Mistral_Devstral_Small in C:/Users/grabowmar/Desktop/ThesisAppsSvelte\models\Mistral_Devstral_Small\app15
[2025-05-22 09:58:14] Application app15 created for Mistral_Devstral_Small (Backend Port: 5189, Frontend Port: 5689)
[2025-05-22 09:58:14] Creating app16 for Mistral_Devstral_Small in C:/Users/grabowmar/Desktop/ThesisAppsSvelte\models\Mistral_Devstral_Small\app16
[2025-05-22 09:58:14] Application app16 created for Mistral_Devstral_Small (Backend Port: 5191, Frontend Port: 5691)
[2025-05-22 09:58:14] Creating app17 for Mistral_Devstral_Small in C:/Users/grabowmar/Desktop/ThesisAppsSvelte\models\Mistral_Devstral_Small\app17
[2025-05-22 09:58:14] Application app17 created for Mistral_Devstral_Small (Backend Port: 5193, Frontend Port: 5693)
[2025-05-22 09:58:14] Creating app18 for Mistral_Devstral_Small in C:/Users/grabowmar/Desktop/ThesisAppsSvelte\models\Mistral_Devstral_Small\app18
[2025-05-22 09:58:14] Application app18 created for Mistral_Devstral_Small (Backend Port: 5195, Frontend Port: 5695)
[2025-05-22 09:58:14] Creating app19 for Mistral_Devstral_Small in C:/Users/grabowmar/Desktop/ThesisAppsSvelte\models\Mistral_Devstral_Small\app19
[2025-05-22 09:58:14] Application app19 created for Mistral_Devstral_Small (Backend Port: 5197, Frontend Port: 5697)
[2025-05-22 09:58:14] Creating app20 for Mistral_Devstral_Small in C:/Users/grabowmar/Desktop/ThesisAppsSvelte\models\Mistral_Devstral_Small\app20
[2025-05-22 09:58:14] Application app20 created for Mistral_Devstral_Small (Backend Port: 5199, Frontend Port: 5699)
[2025-05-22 09:58:14] Creating app21 for Mistral_Devstral_Small in C:/Users/grabowmar/Desktop/ThesisAppsSvelte\models\Mistral_Devstral_Small\app21
[2025-05-22 09:58:14] Application app21 created for Mistral_Devstral_Small (Backend Port: 5201, Frontend Port: 5701)
[2025-05-22 09:58:14] Creating app22 for Mistral_Devstral_Small in C:/Users/grabowmar/Desktop/ThesisAppsSvelte\models\Mistral_Devstral_Small\app22
[2025-05-22 09:58:14] Application app22 created for Mistral_Devstral_Small (Backend Port: 5203, Frontend Port: 5703)
[2025-05-22 09:58:14] Creating app23 for Mistral_Devstral_Small in C:/Users/grabowmar/Desktop/ThesisAppsSvelte\models\Mistral_Devstral_Small\app23
[2025-05-22 09:58:14] Application app23 created for Mistral_Devstral_Small (Backend Port: 5205, Frontend Port: 5705)
[2025-05-22 09:58:14] Creating app24 for Mistral_Devstral_Small in C:/Users/grabowmar/Desktop/ThesisAppsSvelte\models\Mistral_Devstral_Small\app24
[2025-05-22 09:58:14] Application app24 created for Mistral_Devstral_Small (Backend Port: 5207, Frontend Port: 5707)
[2025-05-22 09:58:14] Creating app25 for Mistral_Devstral_Small in C:/Users/grabowmar/Desktop/ThesisAppsSvelte\models\Mistral_Devstral_Small\app25
[2025-05-22 09:58:14] Application app25 created for Mistral_Devstral_Small (Backend Port: 5209, Frontend Port: 5709)
[2025-05-22 09:58:14] Creating app26 for Mistral_Devstral_Small in C:/Users/grabowmar/Desktop/ThesisAppsSvelte\models\Mistral_Devstral_Small\app26
[2025-05-22 09:58:14] Application app26 created for Mistral_Devstral_Small (Backend Port: 5211, Frontend Port: 5711)
[2025-05-22 09:58:14] Creating app27 for Mistral_Devstral_Small in C:/Users/grabowmar/Desktop/ThesisAppsSvelte\models\Mistral_Devstral_Small\app27
[2025-05-22 09:58:14] Application app27 created for Mistral_Devstral_Small (Backend Port: 5213, Frontend Port: 5713)
[2025-05-22 09:58:14] Creating app28 for Mistral_Devstral_Small in C:/Users/grabowmar/Desktop/ThesisAppsSvelte\models\Mistral_Devstral_Small\app28
[2025-05-22 09:58:14] Application app28 created for Mistral_Devstral_Small (Backend Port: 5215, Frontend Port: 5715)
[2025-05-22 09:58:14] Creating app29 for Mistral_Devstral_Small in C:/Users/grabowmar/Desktop/ThesisAppsSvelte\models\Mistral_Devstral_Small\app29
[2025-05-22 09:58:14] Application app29 created for Mistral_Devstral_Small (Backend Port: 5217, Frontend Port: 5717)
[2025-05-22 09:58:14] Creating app30 for Mistral_Devstral_Small in C:/Users/grabowmar/Desktop/ThesisAppsSvelte\models\Mistral_Devstral_Small\app30
[2025-05-22 09:58:14] Application app30 created for Mistral_Devstral_Small (Backend Port: 5219, Frontend Port: 5719)
[2025-05-22 09:58:14] Successfully created all apps for Mistral_Devstral_Small.
