[2025-05-24 00:32:28] Port ranges for mistralai/devstral-small:
[2025-05-24 00:32:28]   Backend: 5161-5220
[2025-05-24 00:32:28]   Frontend: 5661-5720
[2025-05-24 00:32:28] Ensured base directory exists: C:/Users/grabowmar/Desktop/ThesisAppsSvelte\models\mistralai_devstral-small
[2025-05-24 00:32:28] Creating app1 for mistralai/devstral-small in C:/Users/grabowmar/Desktop/ThesisAppsSvelte\models\mistralai_devstral-small\app1
[2025-05-24 00:32:28] Application app1 created for mistralai/devstral-small (Backend Port: 5161, Frontend Port: 5661)
[2025-05-24 00:32:28] Creating app2 for mistralai/devstral-small in C:/Users/grabowmar/Desktop/ThesisAppsSvelte\models\mistralai_devstral-small\app2
[2025-05-24 00:32:28] Application app2 created for mistralai/devstral-small (Backend Port: 5163, Frontend Port: 5663)
[2025-05-24 00:32:28] Creating app3 for mistralai/devstral-small in C:/Users/grabowmar/Desktop/ThesisAppsSvelte\models\mistralai_devstral-small\app3
[2025-05-24 00:32:28] Application app3 created for mistralai/devstral-small (Backend Port: 5165, Frontend Port: 5665)
[2025-05-24 00:32:28] Creating app4 for mistralai/devstral-small in C:/Users/grabowmar/Desktop/ThesisAppsSvelte\models\mistralai_devstral-small\app4
[2025-05-24 00:32:28] Application app4 created for mistralai/devstral-small (Backend Port: 5167, Frontend Port: 5667)
[2025-05-24 00:32:28] Creating app5 for mistralai/devstral-small in C:/Users/grabowmar/Desktop/ThesisAppsSvelte\models\mistralai_devstral-small\app5
[2025-05-24 00:32:28] Application app5 created for mistralai/devstral-small (Backend Port: 5169, Frontend Port: 5669)
[2025-05-24 00:32:28] Creating app6 for mistralai/devstral-small in C:/Users/grabowmar/Desktop/ThesisAppsSvelte\models\mistralai_devstral-small\app6
[2025-05-24 00:32:28] Application app6 created for mistralai/devstral-small (Backend Port: 5171, Frontend Port: 5671)
[2025-05-24 00:32:28] Creating app7 for mistralai/devstral-small in C:/Users/grabowmar/Desktop/ThesisAppsSvelte\models\mistralai_devstral-small\app7
[2025-05-24 00:32:28] Application app7 created for mistralai/devstral-small (Backend Port: 5173, Frontend Port: 5673)
[2025-05-24 00:32:28] Creating app8 for mistralai/devstral-small in C:/Users/grabowmar/Desktop/ThesisAppsSvelte\models\mistralai_devstral-small\app8
[2025-05-24 00:32:28] Application app8 created for mistralai/devstral-small (Backend Port: 5175, Frontend Port: 5675)
[2025-05-24 00:32:28] Creating app9 for mistralai/devstral-small in C:/Users/grabowmar/Desktop/ThesisAppsSvelte\models\mistralai_devstral-small\app9
[2025-05-24 00:32:28] Application app9 created for mistralai/devstral-small (Backend Port: 5177, Frontend Port: 5677)
[2025-05-24 00:32:28] Creating app10 for mistralai/devstral-small in C:/Users/grabowmar/Desktop/ThesisAppsSvelte\models\mistralai_devstral-small\app10
[2025-05-24 00:32:28] Application app10 created for mistralai/devstral-small (Backend Port: 5179, Frontend Port: 5679)
[2025-05-24 00:32:28] Creating app11 for mistralai/devstral-small in C:/Users/grabowmar/Desktop/ThesisAppsSvelte\models\mistralai_devstral-small\app11
[2025-05-24 00:32:28] Application app11 created for mistralai/devstral-small (Backend Port: 5181, Frontend Port: 5681)
[2025-05-24 00:32:28] Creating app12 for mistralai/devstral-small in C:/Users/grabowmar/Desktop/ThesisAppsSvelte\models\mistralai_devstral-small\app12
[2025-05-24 00:32:28] Application app12 created for mistralai/devstral-small (Backend Port: 5183, Frontend Port: 5683)
[2025-05-24 00:32:28] Creating app13 for mistralai/devstral-small in C:/Users/grabowmar/Desktop/ThesisAppsSvelte\models\mistralai_devstral-small\app13
[2025-05-24 00:32:28] Application app13 created for mistralai/devstral-small (Backend Port: 5185, Frontend Port: 5685)
[2025-05-24 00:32:28] Creating app14 for mistralai/devstral-small in C:/Users/grabowmar/Desktop/ThesisAppsSvelte\models\mistralai_devstral-small\app14
[2025-05-24 00:32:28] Application app14 created for mistralai/devstral-small (Backend Port: 5187, Frontend Port: 5687)
[2025-05-24 00:32:28] Creating app15 for mistralai/devstral-small in C:/Users/grabowmar/Desktop/ThesisAppsSvelte\models\mistralai_devstral-small\app15
[2025-05-24 00:32:28] Application app15 created for mistralai/devstral-small (Backend Port: 5189, Frontend Port: 5689)
[2025-05-24 00:32:28] Creating app16 for mistralai/devstral-small in C:/Users/grabowmar/Desktop/ThesisAppsSvelte\models\mistralai_devstral-small\app16
[2025-05-24 00:32:28] Application app16 created for mistralai/devstral-small (Backend Port: 5191, Frontend Port: 5691)
[2025-05-24 00:32:28] Creating app17 for mistralai/devstral-small in C:/Users/grabowmar/Desktop/ThesisAppsSvelte\models\mistralai_devstral-small\app17
[2025-05-24 00:32:28] Application app17 created for mistralai/devstral-small (Backend Port: 5193, Frontend Port: 5693)
[2025-05-24 00:32:28] Creating app18 for mistralai/devstral-small in C:/Users/grabowmar/Desktop/ThesisAppsSvelte\models\mistralai_devstral-small\app18
[2025-05-24 00:32:28] Application app18 created for mistralai/devstral-small (Backend Port: 5195, Frontend Port: 5695)
[2025-05-24 00:32:28] Creating app19 for mistralai/devstral-small in C:/Users/grabowmar/Desktop/ThesisAppsSvelte\models\mistralai_devstral-small\app19
[2025-05-24 00:32:28] Application app19 created for mistralai/devstral-small (Backend Port: 5197, Frontend Port: 5697)
[2025-05-24 00:32:28] Creating app20 for mistralai/devstral-small in C:/Users/grabowmar/Desktop/ThesisAppsSvelte\models\mistralai_devstral-small\app20
[2025-05-24 00:32:28] Application app20 created for mistralai/devstral-small (Backend Port: 5199, Frontend Port: 5699)
[2025-05-24 00:32:28] Creating app21 for mistralai/devstral-small in C:/Users/grabowmar/Desktop/ThesisAppsSvelte\models\mistralai_devstral-small\app21
[2025-05-24 00:32:28] Application app21 created for mistralai/devstral-small (Backend Port: 5201, Frontend Port: 5701)
[2025-05-24 00:32:28] Creating app22 for mistralai/devstral-small in C:/Users/grabowmar/Desktop/ThesisAppsSvelte\models\mistralai_devstral-small\app22
[2025-05-24 00:32:28] Application app22 created for mistralai/devstral-small (Backend Port: 5203, Frontend Port: 5703)
[2025-05-24 00:32:28] Creating app23 for mistralai/devstral-small in C:/Users/grabowmar/Desktop/ThesisAppsSvelte\models\mistralai_devstral-small\app23
[2025-05-24 00:32:28] Application app23 created for mistralai/devstral-small (Backend Port: 5205, Frontend Port: 5705)
[2025-05-24 00:32:28] Creating app24 for mistralai/devstral-small in C:/Users/grabowmar/Desktop/ThesisAppsSvelte\models\mistralai_devstral-small\app24
[2025-05-24 00:32:28] Application app24 created for mistralai/devstral-small (Backend Port: 5207, Frontend Port: 5707)
[2025-05-24 00:32:28] Creating app25 for mistralai/devstral-small in C:/Users/grabowmar/Desktop/ThesisAppsSvelte\models\mistralai_devstral-small\app25
[2025-05-24 00:32:28] Application app25 created for mistralai/devstral-small (Backend Port: 5209, Frontend Port: 5709)
[2025-05-24 00:32:28] Creating app26 for mistralai/devstral-small in C:/Users/grabowmar/Desktop/ThesisAppsSvelte\models\mistralai_devstral-small\app26
[2025-05-24 00:32:28] Application app26 created for mistralai/devstral-small (Backend Port: 5211, Frontend Port: 5711)
[2025-05-24 00:32:28] Creating app27 for mistralai/devstral-small in C:/Users/grabowmar/Desktop/ThesisAppsSvelte\models\mistralai_devstral-small\app27
[2025-05-24 00:32:28] Application app27 created for mistralai/devstral-small (Backend Port: 5213, Frontend Port: 5713)
[2025-05-24 00:32:28] Creating app28 for mistralai/devstral-small in C:/Users/grabowmar/Desktop/ThesisAppsSvelte\models\mistralai_devstral-small\app28
[2025-05-24 00:32:28] Application app28 created for mistralai/devstral-small (Backend Port: 5215, Frontend Port: 5715)
[2025-05-24 00:32:28] Creating app29 for mistralai/devstral-small in C:/Users/grabowmar/Desktop/ThesisAppsSvelte\models\mistralai_devstral-small\app29
[2025-05-24 00:32:28] Application app29 created for mistralai/devstral-small (Backend Port: 5217, Frontend Port: 5717)
[2025-05-24 00:32:28] Creating app30 for mistralai/devstral-small in C:/Users/grabowmar/Desktop/ThesisAppsSvelte\models\mistralai_devstral-small\app30
[2025-05-24 00:32:28] Application app30 created for mistralai/devstral-small (Backend Port: 5219, Frontend Port: 5719)
[2025-05-24 00:32:28] Successfully created all apps for mistralai/devstral-small.
