[2025-05-22 09:58:13] Port ranges for Microsoft_Phi-4_Reasoning_Plus:
[2025-05-22 09:58:13]   Backend: 5481-5540 (approx range end)
[2025-05-22 09:58:13]   Frontend: 5981-6040 (approx range end)
[2025-05-22 09:58:14] Ensured base directory exists: C:/Users/grabowmar/Desktop/ThesisAppsSvelte\models\Microsoft_Phi-4_Reasoning_Plus
[2025-05-22 09:58:14] Creating app1 for Microsoft_Phi-4_Reasoning_Plus in C:/Users/grabowmar/Desktop/ThesisAppsSvelte\models\Microsoft_Phi-4_Reasoning_Plus\app1
[2025-05-22 09:58:14] Application app1 created for Microsoft_Phi-4_Reasoning_Plus (Backend Port: 5481, Frontend Port: 5981)
[2025-05-22 09:58:14] Creating app2 for Microsoft_Phi-4_Reasoning_Plus in C:/Users/grabowmar/Desktop/ThesisAppsSvelte\models\Microsoft_Phi-4_Reasoning_Plus\app2
[2025-05-22 09:58:14] Application app2 created for Microsoft_Phi-4_Reasoning_Plus (Backend Port: 5483, Frontend Port: 5983)
[2025-05-22 09:58:14] Creating app3 for Microsoft_Phi-4_Reasoning_Plus in C:/Users/grabowmar/Desktop/ThesisAppsSvelte\models\Microsoft_Phi-4_Reasoning_Plus\app3
[2025-05-22 09:58:14] Application app3 created for Microsoft_Phi-4_Reasoning_Plus (Backend Port: 5485, Frontend Port: 5985)
[2025-05-22 09:58:14] Creating app4 for Microsoft_Phi-4_Reasoning_Plus in C:/Users/grabowmar/Desktop/ThesisAppsSvelte\models\Microsoft_Phi-4_Reasoning_Plus\app4
[2025-05-22 09:58:14] Application app4 created for Microsoft_Phi-4_Reasoning_Plus (Backend Port: 5487, Frontend Port: 5987)
[2025-05-22 09:58:14] Creating app5 for Microsoft_Phi-4_Reasoning_Plus in C:/Users/grabowmar/Desktop/ThesisAppsSvelte\models\Microsoft_Phi-4_Reasoning_Plus\app5
[2025-05-22 09:58:14] Application app5 created for Microsoft_Phi-4_Reasoning_Plus (Backend Port: 5489, Frontend Port: 5989)
[2025-05-22 09:58:14] Creating app6 for Microsoft_Phi-4_Reasoning_Plus in C:/Users/grabowmar/Desktop/ThesisAppsSvelte\models\Microsoft_Phi-4_Reasoning_Plus\app6
[2025-05-22 09:58:14] Application app6 created for Microsoft_Phi-4_Reasoning_Plus (Backend Port: 5491, Frontend Port: 5991)
[2025-05-22 09:58:14] Creating app7 for Microsoft_Phi-4_Reasoning_Plus in C:/Users/grabowmar/Desktop/ThesisAppsSvelte\models\Microsoft_Phi-4_Reasoning_Plus\app7
[2025-05-22 09:58:14] Application app7 created for Microsoft_Phi-4_Reasoning_Plus (Backend Port: 5493, Frontend Port: 5993)
[2025-05-22 09:58:14] Creating app8 for Microsoft_Phi-4_Reasoning_Plus in C:/Users/grabowmar/Desktop/ThesisAppsSvelte\models\Microsoft_Phi-4_Reasoning_Plus\app8
[2025-05-22 09:58:14] Application app8 created for Microsoft_Phi-4_Reasoning_Plus (Backend Port: 5495, Frontend Port: 5995)
[2025-05-22 09:58:14] Creating app9 for Microsoft_Phi-4_Reasoning_Plus in C:/Users/grabowmar/Desktop/ThesisAppsSvelte\models\Microsoft_Phi-4_Reasoning_Plus\app9
[2025-05-22 09:58:14] Application app9 created for Microsoft_Phi-4_Reasoning_Plus (Backend Port: 5497, Frontend Port: 5997)
[2025-05-22 09:58:14] Creating app10 for Microsoft_Phi-4_Reasoning_Plus in C:/Users/grabowmar/Desktop/ThesisAppsSvelte\models\Microsoft_Phi-4_Reasoning_Plus\app10
[2025-05-22 09:58:14] Application app10 created for Microsoft_Phi-4_Reasoning_Plus (Backend Port: 5499, Frontend Port: 5999)
[2025-05-22 09:58:14] Creating app11 for Microsoft_Phi-4_Reasoning_Plus in C:/Users/grabowmar/Desktop/ThesisAppsSvelte\models\Microsoft_Phi-4_Reasoning_Plus\app11
[2025-05-22 09:58:14] Application app11 created for Microsoft_Phi-4_Reasoning_Plus (Backend Port: 5501, Frontend Port: 6001)
[2025-05-22 09:58:14] Creating app12 for Microsoft_Phi-4_Reasoning_Plus in C:/Users/grabowmar/Desktop/ThesisAppsSvelte\models\Microsoft_Phi-4_Reasoning_Plus\app12
[2025-05-22 09:58:14] Application app12 created for Microsoft_Phi-4_Reasoning_Plus (Backend Port: 5503, Frontend Port: 6003)
[2025-05-22 09:58:14] Creating app13 for Microsoft_Phi-4_Reasoning_Plus in C:/Users/grabowmar/Desktop/ThesisAppsSvelte\models\Microsoft_Phi-4_Reasoning_Plus\app13
[2025-05-22 09:58:14] Application app13 created for Microsoft_Phi-4_Reasoning_Plus (Backend Port: 5505, Frontend Port: 6005)
[2025-05-22 09:58:14] Creating app14 for Microsoft_Phi-4_Reasoning_Plus in C:/Users/grabowmar/Desktop/ThesisAppsSvelte\models\Microsoft_Phi-4_Reasoning_Plus\app14
[2025-05-22 09:58:14] Application app14 created for Microsoft_Phi-4_Reasoning_Plus (Backend Port: 5507, Frontend Port: 6007)
[2025-05-22 09:58:14] Creating app15 for Microsoft_Phi-4_Reasoning_Plus in C:/Users/grabowmar/Desktop/ThesisAppsSvelte\models\Microsoft_Phi-4_Reasoning_Plus\app15
[2025-05-22 09:58:14] Application app15 created for Microsoft_Phi-4_Reasoning_Plus (Backend Port: 5509, Frontend Port: 6009)
[2025-05-22 09:58:14] Creating app16 for Microsoft_Phi-4_Reasoning_Plus in C:/Users/grabowmar/Desktop/ThesisAppsSvelte\models\Microsoft_Phi-4_Reasoning_Plus\app16
[2025-05-22 09:58:14] Application app16 created for Microsoft_Phi-4_Reasoning_Plus (Backend Port: 5511, Frontend Port: 6011)
[2025-05-22 09:58:14] Creating app17 for Microsoft_Phi-4_Reasoning_Plus in C:/Users/grabowmar/Desktop/ThesisAppsSvelte\models\Microsoft_Phi-4_Reasoning_Plus\app17
[2025-05-22 09:58:14] Application app17 created for Microsoft_Phi-4_Reasoning_Plus (Backend Port: 5513, Frontend Port: 6013)
[2025-05-22 09:58:14] Creating app18 for Microsoft_Phi-4_Reasoning_Plus in C:/Users/grabowmar/Desktop/ThesisAppsSvelte\models\Microsoft_Phi-4_Reasoning_Plus\app18
[2025-05-22 09:58:14] Application app18 created for Microsoft_Phi-4_Reasoning_Plus (Backend Port: 5515, Frontend Port: 6015)
[2025-05-22 09:58:14] Creating app19 for Microsoft_Phi-4_Reasoning_Plus in C:/Users/grabowmar/Desktop/ThesisAppsSvelte\models\Microsoft_Phi-4_Reasoning_Plus\app19
[2025-05-22 09:58:14] Application app19 created for Microsoft_Phi-4_Reasoning_Plus (Backend Port: 5517, Frontend Port: 6017)
[2025-05-22 09:58:14] Creating app20 for Microsoft_Phi-4_Reasoning_Plus in C:/Users/grabowmar/Desktop/ThesisAppsSvelte\models\Microsoft_Phi-4_Reasoning_Plus\app20
[2025-05-22 09:58:14] Application app20 created for Microsoft_Phi-4_Reasoning_Plus (Backend Port: 5519, Frontend Port: 6019)
[2025-05-22 09:58:14] Creating app21 for Microsoft_Phi-4_Reasoning_Plus in C:/Users/grabowmar/Desktop/ThesisAppsSvelte\models\Microsoft_Phi-4_Reasoning_Plus\app21
[2025-05-22 09:58:14] Application app21 created for Microsoft_Phi-4_Reasoning_Plus (Backend Port: 5521, Frontend Port: 6021)
[2025-05-22 09:58:14] Creating app22 for Microsoft_Phi-4_Reasoning_Plus in C:/Users/grabowmar/Desktop/ThesisAppsSvelte\models\Microsoft_Phi-4_Reasoning_Plus\app22
[2025-05-22 09:58:14] Application app22 created for Microsoft_Phi-4_Reasoning_Plus (Backend Port: 5523, Frontend Port: 6023)
[2025-05-22 09:58:14] Creating app23 for Microsoft_Phi-4_Reasoning_Plus in C:/Users/grabowmar/Desktop/ThesisAppsSvelte\models\Microsoft_Phi-4_Reasoning_Plus\app23
[2025-05-22 09:58:14] Application app23 created for Microsoft_Phi-4_Reasoning_Plus (Backend Port: 5525, Frontend Port: 6025)
[2025-05-22 09:58:14] Creating app24 for Microsoft_Phi-4_Reasoning_Plus in C:/Users/grabowmar/Desktop/ThesisAppsSvelte\models\Microsoft_Phi-4_Reasoning_Plus\app24
[2025-05-22 09:58:14] Application app24 created for Microsoft_Phi-4_Reasoning_Plus (Backend Port: 5527, Frontend Port: 6027)
[2025-05-22 09:58:14] Creating app25 for Microsoft_Phi-4_Reasoning_Plus in C:/Users/grabowmar/Desktop/ThesisAppsSvelte\models\Microsoft_Phi-4_Reasoning_Plus\app25
[2025-05-22 09:58:14] Application app25 created for Microsoft_Phi-4_Reasoning_Plus (Backend Port: 5529, Frontend Port: 6029)
[2025-05-22 09:58:14] Creating app26 for Microsoft_Phi-4_Reasoning_Plus in C:/Users/grabowmar/Desktop/ThesisAppsSvelte\models\Microsoft_Phi-4_Reasoning_Plus\app26
[2025-05-22 09:58:14] Application app26 created for Microsoft_Phi-4_Reasoning_Plus (Backend Port: 5531, Frontend Port: 6031)
[2025-05-22 09:58:14] Creating app27 for Microsoft_Phi-4_Reasoning_Plus in C:/Users/grabowmar/Desktop/ThesisAppsSvelte\models\Microsoft_Phi-4_Reasoning_Plus\app27
[2025-05-22 09:58:14] Application app27 created for Microsoft_Phi-4_Reasoning_Plus (Backend Port: 5533, Frontend Port: 6033)
[2025-05-22 09:58:14] Creating app28 for Microsoft_Phi-4_Reasoning_Plus in C:/Users/grabowmar/Desktop/ThesisAppsSvelte\models\Microsoft_Phi-4_Reasoning_Plus\app28
[2025-05-22 09:58:14] Application app28 created for Microsoft_Phi-4_Reasoning_Plus (Backend Port: 5535, Frontend Port: 6035)
[2025-05-22 09:58:14] Creating app29 for Microsoft_Phi-4_Reasoning_Plus in C:/Users/grabowmar/Desktop/ThesisAppsSvelte\models\Microsoft_Phi-4_Reasoning_Plus\app29
[2025-05-22 09:58:14] Application app29 created for Microsoft_Phi-4_Reasoning_Plus (Backend Port: 5537, Frontend Port: 6037)
[2025-05-22 09:58:14] Creating app30 for Microsoft_Phi-4_Reasoning_Plus in C:/Users/grabowmar/Desktop/ThesisAppsSvelte\models\Microsoft_Phi-4_Reasoning_Plus\app30
[2025-05-22 09:58:14] Application app30 created for Microsoft_Phi-4_Reasoning_Plus (Backend Port: 5539, Frontend Port: 6039)
[2025-05-22 09:58:14] Successfully created all apps for Microsoft_Phi-4_Reasoning_Plus.
