[2025-05-22 09:58:13] Port ranges for Google_Gemma_3n_4B:
[2025-05-22 09:58:13]   Backend: 5241-5300 (approx range end)
[2025-05-22 09:58:13]   Frontend: 5741-5800 (approx range end)
[2025-05-22 09:58:14] Ensured base directory exists: C:/Users/grabowmar/Desktop/ThesisAppsSvelte\models\Google_Gemma_3n_4B
[2025-05-22 09:58:14] Creating app1 for Google_Gemma_3n_4B in C:/Users/grabowmar/Desktop/ThesisAppsSvelte\models\Google_Gemma_3n_4B\app1
[2025-05-22 09:58:14] Application app1 created for Google_Gemma_3n_4B (Backend Port: 5241, Frontend Port: 5741)
[2025-05-22 09:58:14] Creating app2 for Google_Gemma_3n_4B in C:/Users/grabowmar/Desktop/ThesisAppsSvelte\models\Google_Gemma_3n_4B\app2
[2025-05-22 09:58:14] Application app2 created for Google_Gemma_3n_4B (Backend Port: 5243, Frontend Port: 5743)
[2025-05-22 09:58:14] Creating app3 for Google_Gemma_3n_4B in C:/Users/grabowmar/Desktop/ThesisAppsSvelte\models\Google_Gemma_3n_4B\app3
[2025-05-22 09:58:14] Application app3 created for Google_Gemma_3n_4B (Backend Port: 5245, Frontend Port: 5745)
[2025-05-22 09:58:14] Creating app4 for Google_Gemma_3n_4B in C:/Users/grabowmar/Desktop/ThesisAppsSvelte\models\Google_Gemma_3n_4B\app4
[2025-05-22 09:58:14] Application app4 created for Google_Gemma_3n_4B (Backend Port: 5247, Frontend Port: 5747)
[2025-05-22 09:58:14] Creating app5 for Google_Gemma_3n_4B in C:/Users/grabowmar/Desktop/ThesisAppsSvelte\models\Google_Gemma_3n_4B\app5
[2025-05-22 09:58:14] Application app5 created for Google_Gemma_3n_4B (Backend Port: 5249, Frontend Port: 5749)
[2025-05-22 09:58:14] Creating app6 for Google_Gemma_3n_4B in C:/Users/grabowmar/Desktop/ThesisAppsSvelte\models\Google_Gemma_3n_4B\app6
[2025-05-22 09:58:14] Application app6 created for Google_Gemma_3n_4B (Backend Port: 5251, Frontend Port: 5751)
[2025-05-22 09:58:14] Creating app7 for Google_Gemma_3n_4B in C:/Users/grabowmar/Desktop/ThesisAppsSvelte\models\Google_Gemma_3n_4B\app7
[2025-05-22 09:58:14] Application app7 created for Google_Gemma_3n_4B (Backend Port: 5253, Frontend Port: 5753)
[2025-05-22 09:58:14] Creating app8 for Google_Gemma_3n_4B in C:/Users/grabowmar/Desktop/ThesisAppsSvelte\models\Google_Gemma_3n_4B\app8
[2025-05-22 09:58:14] Application app8 created for Google_Gemma_3n_4B (Backend Port: 5255, Frontend Port: 5755)
[2025-05-22 09:58:14] Creating app9 for Google_Gemma_3n_4B in C:/Users/grabowmar/Desktop/ThesisAppsSvelte\models\Google_Gemma_3n_4B\app9
[2025-05-22 09:58:14] Application app9 created for Google_Gemma_3n_4B (Backend Port: 5257, Frontend Port: 5757)
[2025-05-22 09:58:14] Creating app10 for Google_Gemma_3n_4B in C:/Users/grabowmar/Desktop/ThesisAppsSvelte\models\Google_Gemma_3n_4B\app10
[2025-05-22 09:58:14] Application app10 created for Google_Gemma_3n_4B (Backend Port: 5259, Frontend Port: 5759)
[2025-05-22 09:58:14] Creating app11 for Google_Gemma_3n_4B in C:/Users/grabowmar/Desktop/ThesisAppsSvelte\models\Google_Gemma_3n_4B\app11
[2025-05-22 09:58:14] Application app11 created for Google_Gemma_3n_4B (Backend Port: 5261, Frontend Port: 5761)
[2025-05-22 09:58:14] Creating app12 for Google_Gemma_3n_4B in C:/Users/grabowmar/Desktop/ThesisAppsSvelte\models\Google_Gemma_3n_4B\app12
[2025-05-22 09:58:14] Application app12 created for Google_Gemma_3n_4B (Backend Port: 5263, Frontend Port: 5763)
[2025-05-22 09:58:14] Creating app13 for Google_Gemma_3n_4B in C:/Users/grabowmar/Desktop/ThesisAppsSvelte\models\Google_Gemma_3n_4B\app13
[2025-05-22 09:58:14] Application app13 created for Google_Gemma_3n_4B (Backend Port: 5265, Frontend Port: 5765)
[2025-05-22 09:58:14] Creating app14 for Google_Gemma_3n_4B in C:/Users/grabowmar/Desktop/ThesisAppsSvelte\models\Google_Gemma_3n_4B\app14
[2025-05-22 09:58:14] Application app14 created for Google_Gemma_3n_4B (Backend Port: 5267, Frontend Port: 5767)
[2025-05-22 09:58:14] Creating app15 for Google_Gemma_3n_4B in C:/Users/grabowmar/Desktop/ThesisAppsSvelte\models\Google_Gemma_3n_4B\app15
[2025-05-22 09:58:14] Application app15 created for Google_Gemma_3n_4B (Backend Port: 5269, Frontend Port: 5769)
[2025-05-22 09:58:14] Creating app16 for Google_Gemma_3n_4B in C:/Users/grabowmar/Desktop/ThesisAppsSvelte\models\Google_Gemma_3n_4B\app16
[2025-05-22 09:58:14] Application app16 created for Google_Gemma_3n_4B (Backend Port: 5271, Frontend Port: 5771)
[2025-05-22 09:58:14] Creating app17 for Google_Gemma_3n_4B in C:/Users/grabowmar/Desktop/ThesisAppsSvelte\models\Google_Gemma_3n_4B\app17
[2025-05-22 09:58:14] Application app17 created for Google_Gemma_3n_4B (Backend Port: 5273, Frontend Port: 5773)
[2025-05-22 09:58:14] Creating app18 for Google_Gemma_3n_4B in C:/Users/grabowmar/Desktop/ThesisAppsSvelte\models\Google_Gemma_3n_4B\app18
[2025-05-22 09:58:14] Application app18 created for Google_Gemma_3n_4B (Backend Port: 5275, Frontend Port: 5775)
[2025-05-22 09:58:14] Creating app19 for Google_Gemma_3n_4B in C:/Users/grabowmar/Desktop/ThesisAppsSvelte\models\Google_Gemma_3n_4B\app19
[2025-05-22 09:58:14] Application app19 created for Google_Gemma_3n_4B (Backend Port: 5277, Frontend Port: 5777)
[2025-05-22 09:58:14] Creating app20 for Google_Gemma_3n_4B in C:/Users/grabowmar/Desktop/ThesisAppsSvelte\models\Google_Gemma_3n_4B\app20
[2025-05-22 09:58:14] Application app20 created for Google_Gemma_3n_4B (Backend Port: 5279, Frontend Port: 5779)
[2025-05-22 09:58:14] Creating app21 for Google_Gemma_3n_4B in C:/Users/grabowmar/Desktop/ThesisAppsSvelte\models\Google_Gemma_3n_4B\app21
[2025-05-22 09:58:14] Application app21 created for Google_Gemma_3n_4B (Backend Port: 5281, Frontend Port: 5781)
[2025-05-22 09:58:14] Creating app22 for Google_Gemma_3n_4B in C:/Users/grabowmar/Desktop/ThesisAppsSvelte\models\Google_Gemma_3n_4B\app22
[2025-05-22 09:58:14] Application app22 created for Google_Gemma_3n_4B (Backend Port: 5283, Frontend Port: 5783)
[2025-05-22 09:58:14] Creating app23 for Google_Gemma_3n_4B in C:/Users/grabowmar/Desktop/ThesisAppsSvelte\models\Google_Gemma_3n_4B\app23
[2025-05-22 09:58:14] Application app23 created for Google_Gemma_3n_4B (Backend Port: 5285, Frontend Port: 5785)
[2025-05-22 09:58:14] Creating app24 for Google_Gemma_3n_4B in C:/Users/grabowmar/Desktop/ThesisAppsSvelte\models\Google_Gemma_3n_4B\app24
[2025-05-22 09:58:14] Application app24 created for Google_Gemma_3n_4B (Backend Port: 5287, Frontend Port: 5787)
[2025-05-22 09:58:14] Creating app25 for Google_Gemma_3n_4B in C:/Users/grabowmar/Desktop/ThesisAppsSvelte\models\Google_Gemma_3n_4B\app25
[2025-05-22 09:58:14] Application app25 created for Google_Gemma_3n_4B (Backend Port: 5289, Frontend Port: 5789)
[2025-05-22 09:58:14] Creating app26 for Google_Gemma_3n_4B in C:/Users/grabowmar/Desktop/ThesisAppsSvelte\models\Google_Gemma_3n_4B\app26
[2025-05-22 09:58:14] Application app26 created for Google_Gemma_3n_4B (Backend Port: 5291, Frontend Port: 5791)
[2025-05-22 09:58:14] Creating app27 for Google_Gemma_3n_4B in C:/Users/grabowmar/Desktop/ThesisAppsSvelte\models\Google_Gemma_3n_4B\app27
[2025-05-22 09:58:14] Application app27 created for Google_Gemma_3n_4B (Backend Port: 5293, Frontend Port: 5793)
[2025-05-22 09:58:14] Creating app28 for Google_Gemma_3n_4B in C:/Users/grabowmar/Desktop/ThesisAppsSvelte\models\Google_Gemma_3n_4B\app28
[2025-05-22 09:58:14] Application app28 created for Google_Gemma_3n_4B (Backend Port: 5295, Frontend Port: 5795)
[2025-05-22 09:58:14] Creating app29 for Google_Gemma_3n_4B in C:/Users/grabowmar/Desktop/ThesisAppsSvelte\models\Google_Gemma_3n_4B\app29
[2025-05-22 09:58:14] Application app29 created for Google_Gemma_3n_4B (Backend Port: 5297, Frontend Port: 5797)
[2025-05-22 09:58:14] Creating app30 for Google_Gemma_3n_4B in C:/Users/grabowmar/Desktop/ThesisAppsSvelte\models\Google_Gemma_3n_4B\app30
[2025-05-22 09:58:14] Application app30 created for Google_Gemma_3n_4B (Backend Port: 5299, Frontend Port: 5799)
[2025-05-22 09:58:14] Successfully created all apps for Google_Gemma_3n_4B.
