[2025-05-24 00:32:28] Port ranges for open-r1/olympiccoder-32b:
[2025-05-24 00:32:28]   Backend: 6601-6660
[2025-05-24 00:32:28]   Frontend: 7101-7160
[2025-05-24 00:32:31] Ensured base directory exists: C:/Users/grabowmar/Desktop/ThesisAppsSvelte\models\open-r1_olympiccoder-32b
[2025-05-24 00:32:31] Creating app1 for open-r1/olympiccoder-32b in C:/Users/grabowmar/Desktop/ThesisAppsSvelte\models\open-r1_olympiccoder-32b\app1
[2025-05-24 00:32:31] Application app1 created for open-r1/olympiccoder-32b (Backend Port: 6601, Frontend Port: 7101)
[2025-05-24 00:32:31] Creating app2 for open-r1/olympiccoder-32b in C:/Users/grabowmar/Desktop/ThesisAppsSvelte\models\open-r1_olympiccoder-32b\app2
[2025-05-24 00:32:31] Application app2 created for open-r1/olympiccoder-32b (Backend Port: 6603, Frontend Port: 7103)
[2025-05-24 00:32:31] Creating app3 for open-r1/olympiccoder-32b in C:/Users/grabowmar/Desktop/ThesisAppsSvelte\models\open-r1_olympiccoder-32b\app3
[2025-05-24 00:32:31] Application app3 created for open-r1/olympiccoder-32b (Backend Port: 6605, Frontend Port: 7105)
[2025-05-24 00:32:31] Creating app4 for open-r1/olympiccoder-32b in C:/Users/grabowmar/Desktop/ThesisAppsSvelte\models\open-r1_olympiccoder-32b\app4
[2025-05-24 00:32:31] Application app4 created for open-r1/olympiccoder-32b (Backend Port: 6607, Frontend Port: 7107)
[2025-05-24 00:32:31] Creating app5 for open-r1/olympiccoder-32b in C:/Users/grabowmar/Desktop/ThesisAppsSvelte\models\open-r1_olympiccoder-32b\app5
[2025-05-24 00:32:31] Application app5 created for open-r1/olympiccoder-32b (Backend Port: 6609, Frontend Port: 7109)
[2025-05-24 00:32:31] Creating app6 for open-r1/olympiccoder-32b in C:/Users/grabowmar/Desktop/ThesisAppsSvelte\models\open-r1_olympiccoder-32b\app6
[2025-05-24 00:32:31] Application app6 created for open-r1/olympiccoder-32b (Backend Port: 6611, Frontend Port: 7111)
[2025-05-24 00:32:31] Creating app7 for open-r1/olympiccoder-32b in C:/Users/grabowmar/Desktop/ThesisAppsSvelte\models\open-r1_olympiccoder-32b\app7
[2025-05-24 00:32:31] Application app7 created for open-r1/olympiccoder-32b (Backend Port: 6613, Frontend Port: 7113)
[2025-05-24 00:32:31] Creating app8 for open-r1/olympiccoder-32b in C:/Users/grabowmar/Desktop/ThesisAppsSvelte\models\open-r1_olympiccoder-32b\app8
[2025-05-24 00:32:31] Application app8 created for open-r1/olympiccoder-32b (Backend Port: 6615, Frontend Port: 7115)
[2025-05-24 00:32:31] Creating app9 for open-r1/olympiccoder-32b in C:/Users/grabowmar/Desktop/ThesisAppsSvelte\models\open-r1_olympiccoder-32b\app9
[2025-05-24 00:32:31] Application app9 created for open-r1/olympiccoder-32b (Backend Port: 6617, Frontend Port: 7117)
[2025-05-24 00:32:31] Creating app10 for open-r1/olympiccoder-32b in C:/Users/grabowmar/Desktop/ThesisAppsSvelte\models\open-r1_olympiccoder-32b\app10
[2025-05-24 00:32:31] Application app10 created for open-r1/olympiccoder-32b (Backend Port: 6619, Frontend Port: 7119)
[2025-05-24 00:32:31] Creating app11 for open-r1/olympiccoder-32b in C:/Users/grabowmar/Desktop/ThesisAppsSvelte\models\open-r1_olympiccoder-32b\app11
[2025-05-24 00:32:31] Application app11 created for open-r1/olympiccoder-32b (Backend Port: 6621, Frontend Port: 7121)
[2025-05-24 00:32:31] Creating app12 for open-r1/olympiccoder-32b in C:/Users/grabowmar/Desktop/ThesisAppsSvelte\models\open-r1_olympiccoder-32b\app12
[2025-05-24 00:32:31] Application app12 created for open-r1/olympiccoder-32b (Backend Port: 6623, Frontend Port: 7123)
[2025-05-24 00:32:31] Creating app13 for open-r1/olympiccoder-32b in C:/Users/grabowmar/Desktop/ThesisAppsSvelte\models\open-r1_olympiccoder-32b\app13
[2025-05-24 00:32:31] Application app13 created for open-r1/olympiccoder-32b (Backend Port: 6625, Frontend Port: 7125)
[2025-05-24 00:32:31] Creating app14 for open-r1/olympiccoder-32b in C:/Users/grabowmar/Desktop/ThesisAppsSvelte\models\open-r1_olympiccoder-32b\app14
[2025-05-24 00:32:31] Application app14 created for open-r1/olympiccoder-32b (Backend Port: 6627, Frontend Port: 7127)
[2025-05-24 00:32:31] Creating app15 for open-r1/olympiccoder-32b in C:/Users/grabowmar/Desktop/ThesisAppsSvelte\models\open-r1_olympiccoder-32b\app15
[2025-05-24 00:32:31] Application app15 created for open-r1/olympiccoder-32b (Backend Port: 6629, Frontend Port: 7129)
[2025-05-24 00:32:31] Creating app16 for open-r1/olympiccoder-32b in C:/Users/grabowmar/Desktop/ThesisAppsSvelte\models\open-r1_olympiccoder-32b\app16
[2025-05-24 00:32:31] Application app16 created for open-r1/olympiccoder-32b (Backend Port: 6631, Frontend Port: 7131)
[2025-05-24 00:32:31] Creating app17 for open-r1/olympiccoder-32b in C:/Users/grabowmar/Desktop/ThesisAppsSvelte\models\open-r1_olympiccoder-32b\app17
[2025-05-24 00:32:31] Application app17 created for open-r1/olympiccoder-32b (Backend Port: 6633, Frontend Port: 7133)
[2025-05-24 00:32:31] Creating app18 for open-r1/olympiccoder-32b in C:/Users/grabowmar/Desktop/ThesisAppsSvelte\models\open-r1_olympiccoder-32b\app18
[2025-05-24 00:32:31] Application app18 created for open-r1/olympiccoder-32b (Backend Port: 6635, Frontend Port: 7135)
[2025-05-24 00:32:31] Creating app19 for open-r1/olympiccoder-32b in C:/Users/grabowmar/Desktop/ThesisAppsSvelte\models\open-r1_olympiccoder-32b\app19
[2025-05-24 00:32:31] Application app19 created for open-r1/olympiccoder-32b (Backend Port: 6637, Frontend Port: 7137)
[2025-05-24 00:32:31] Creating app20 for open-r1/olympiccoder-32b in C:/Users/grabowmar/Desktop/ThesisAppsSvelte\models\open-r1_olympiccoder-32b\app20
[2025-05-24 00:32:31] Application app20 created for open-r1/olympiccoder-32b (Backend Port: 6639, Frontend Port: 7139)
[2025-05-24 00:32:31] Creating app21 for open-r1/olympiccoder-32b in C:/Users/grabowmar/Desktop/ThesisAppsSvelte\models\open-r1_olympiccoder-32b\app21
[2025-05-24 00:32:31] Application app21 created for open-r1/olympiccoder-32b (Backend Port: 6641, Frontend Port: 7141)
[2025-05-24 00:32:31] Creating app22 for open-r1/olympiccoder-32b in C:/Users/grabowmar/Desktop/ThesisAppsSvelte\models\open-r1_olympiccoder-32b\app22
[2025-05-24 00:32:31] Application app22 created for open-r1/olympiccoder-32b (Backend Port: 6643, Frontend Port: 7143)
[2025-05-24 00:32:31] Creating app23 for open-r1/olympiccoder-32b in C:/Users/grabowmar/Desktop/ThesisAppsSvelte\models\open-r1_olympiccoder-32b\app23
[2025-05-24 00:32:31] Application app23 created for open-r1/olympiccoder-32b (Backend Port: 6645, Frontend Port: 7145)
[2025-05-24 00:32:31] Creating app24 for open-r1/olympiccoder-32b in C:/Users/grabowmar/Desktop/ThesisAppsSvelte\models\open-r1_olympiccoder-32b\app24
[2025-05-24 00:32:31] Application app24 created for open-r1/olympiccoder-32b (Backend Port: 6647, Frontend Port: 7147)
[2025-05-24 00:32:31] Creating app25 for open-r1/olympiccoder-32b in C:/Users/grabowmar/Desktop/ThesisAppsSvelte\models\open-r1_olympiccoder-32b\app25
[2025-05-24 00:32:31] Application app25 created for open-r1/olympiccoder-32b (Backend Port: 6649, Frontend Port: 7149)
[2025-05-24 00:32:31] Creating app26 for open-r1/olympiccoder-32b in C:/Users/grabowmar/Desktop/ThesisAppsSvelte\models\open-r1_olympiccoder-32b\app26
[2025-05-24 00:32:31] Application app26 created for open-r1/olympiccoder-32b (Backend Port: 6651, Frontend Port: 7151)
[2025-05-24 00:32:31] Creating app27 for open-r1/olympiccoder-32b in C:/Users/grabowmar/Desktop/ThesisAppsSvelte\models\open-r1_olympiccoder-32b\app27
[2025-05-24 00:32:31] Application app27 created for open-r1/olympiccoder-32b (Backend Port: 6653, Frontend Port: 7153)
[2025-05-24 00:32:31] Creating app28 for open-r1/olympiccoder-32b in C:/Users/grabowmar/Desktop/ThesisAppsSvelte\models\open-r1_olympiccoder-32b\app28
[2025-05-24 00:32:31] Application app28 created for open-r1/olympiccoder-32b (Backend Port: 6655, Frontend Port: 7155)
[2025-05-24 00:32:31] Creating app29 for open-r1/olympiccoder-32b in C:/Users/grabowmar/Desktop/ThesisAppsSvelte\models\open-r1_olympiccoder-32b\app29
[2025-05-24 00:32:31] Application app29 created for open-r1/olympiccoder-32b (Backend Port: 6657, Frontend Port: 7157)
[2025-05-24 00:32:31] Creating app30 for open-r1/olympiccoder-32b in C:/Users/grabowmar/Desktop/ThesisAppsSvelte\models\open-r1_olympiccoder-32b\app30
[2025-05-24 00:32:31] Application app30 created for open-r1/olympiccoder-32b (Backend Port: 6659, Frontend Port: 7159)
[2025-05-24 00:32:31] Successfully created all apps for open-r1/olympiccoder-32b.
