[2025-05-24 00:19:47] Port ranges for mistralai/devstral-small:free:
[2025-05-24 00:19:47]   Backend: 5161-5220
[2025-05-24 00:19:47]   Frontend: 5661-5720
[2025-05-24 00:19:47] Ensured base directory exists: C:/Users/grabowmar/Desktop/ThesisAppsSvelte\models\mistralai_devstral-small_free
[2025-05-24 00:19:47] Creating app1 for mistralai/devstral-small:free in C:/Users/grabowmar/Desktop/ThesisAppsSvelte\models\mistralai_devstral-small_free\app1
[2025-05-24 00:19:47] Application app1 created for mistralai/devstral-small:free (Backend Port: 5161, Frontend Port: 5661)
[2025-05-24 00:19:47] Creating app2 for mistralai/devstral-small:free in C:/Users/grabowmar/Desktop/ThesisAppsSvelte\models\mistralai_devstral-small_free\app2
[2025-05-24 00:19:47] Application app2 created for mistralai/devstral-small:free (Backend Port: 5163, Frontend Port: 5663)
[2025-05-24 00:19:47] Creating app3 for mistralai/devstral-small:free in C:/Users/grabowmar/Desktop/ThesisAppsSvelte\models\mistralai_devstral-small_free\app3
[2025-05-24 00:19:47] Application app3 created for mistralai/devstral-small:free (Backend Port: 5165, Frontend Port: 5665)
[2025-05-24 00:19:47] Creating app4 for mistralai/devstral-small:free in C:/Users/grabowmar/Desktop/ThesisAppsSvelte\models\mistralai_devstral-small_free\app4
[2025-05-24 00:19:47] Application app4 created for mistralai/devstral-small:free (Backend Port: 5167, Frontend Port: 5667)
[2025-05-24 00:19:47] Creating app5 for mistralai/devstral-small:free in C:/Users/grabowmar/Desktop/ThesisAppsSvelte\models\mistralai_devstral-small_free\app5
[2025-05-24 00:19:47] Application app5 created for mistralai/devstral-small:free (Backend Port: 5169, Frontend Port: 5669)
[2025-05-24 00:19:47] Creating app6 for mistralai/devstral-small:free in C:/Users/grabowmar/Desktop/ThesisAppsSvelte\models\mistralai_devstral-small_free\app6
[2025-05-24 00:19:47] Application app6 created for mistralai/devstral-small:free (Backend Port: 5171, Frontend Port: 5671)
[2025-05-24 00:19:47] Creating app7 for mistralai/devstral-small:free in C:/Users/grabowmar/Desktop/ThesisAppsSvelte\models\mistralai_devstral-small_free\app7
[2025-05-24 00:19:47] Application app7 created for mistralai/devstral-small:free (Backend Port: 5173, Frontend Port: 5673)
[2025-05-24 00:19:47] Creating app8 for mistralai/devstral-small:free in C:/Users/grabowmar/Desktop/ThesisAppsSvelte\models\mistralai_devstral-small_free\app8
[2025-05-24 00:19:47] Application app8 created for mistralai/devstral-small:free (Backend Port: 5175, Frontend Port: 5675)
[2025-05-24 00:19:47] Creating app9 for mistralai/devstral-small:free in C:/Users/grabowmar/Desktop/ThesisAppsSvelte\models\mistralai_devstral-small_free\app9
[2025-05-24 00:19:47] Application app9 created for mistralai/devstral-small:free (Backend Port: 5177, Frontend Port: 5677)
[2025-05-24 00:19:47] Creating app10 for mistralai/devstral-small:free in C:/Users/grabowmar/Desktop/ThesisAppsSvelte\models\mistralai_devstral-small_free\app10
[2025-05-24 00:19:47] Application app10 created for mistralai/devstral-small:free (Backend Port: 5179, Frontend Port: 5679)
[2025-05-24 00:19:47] Creating app11 for mistralai/devstral-small:free in C:/Users/grabowmar/Desktop/ThesisAppsSvelte\models\mistralai_devstral-small_free\app11
[2025-05-24 00:19:47] Application app11 created for mistralai/devstral-small:free (Backend Port: 5181, Frontend Port: 5681)
[2025-05-24 00:19:47] Creating app12 for mistralai/devstral-small:free in C:/Users/grabowmar/Desktop/ThesisAppsSvelte\models\mistralai_devstral-small_free\app12
[2025-05-24 00:19:47] Application app12 created for mistralai/devstral-small:free (Backend Port: 5183, Frontend Port: 5683)
[2025-05-24 00:19:47] Creating app13 for mistralai/devstral-small:free in C:/Users/grabowmar/Desktop/ThesisAppsSvelte\models\mistralai_devstral-small_free\app13
[2025-05-24 00:19:47] Application app13 created for mistralai/devstral-small:free (Backend Port: 5185, Frontend Port: 5685)
[2025-05-24 00:19:47] Creating app14 for mistralai/devstral-small:free in C:/Users/grabowmar/Desktop/ThesisAppsSvelte\models\mistralai_devstral-small_free\app14
[2025-05-24 00:19:47] Application app14 created for mistralai/devstral-small:free (Backend Port: 5187, Frontend Port: 5687)
[2025-05-24 00:19:47] Creating app15 for mistralai/devstral-small:free in C:/Users/grabowmar/Desktop/ThesisAppsSvelte\models\mistralai_devstral-small_free\app15
[2025-05-24 00:19:47] Application app15 created for mistralai/devstral-small:free (Backend Port: 5189, Frontend Port: 5689)
[2025-05-24 00:19:47] Creating app16 for mistralai/devstral-small:free in C:/Users/grabowmar/Desktop/ThesisAppsSvelte\models\mistralai_devstral-small_free\app16
[2025-05-24 00:19:47] Application app16 created for mistralai/devstral-small:free (Backend Port: 5191, Frontend Port: 5691)
[2025-05-24 00:19:47] Creating app17 for mistralai/devstral-small:free in C:/Users/grabowmar/Desktop/ThesisAppsSvelte\models\mistralai_devstral-small_free\app17
[2025-05-24 00:19:47] Application app17 created for mistralai/devstral-small:free (Backend Port: 5193, Frontend Port: 5693)
[2025-05-24 00:19:47] Creating app18 for mistralai/devstral-small:free in C:/Users/grabowmar/Desktop/ThesisAppsSvelte\models\mistralai_devstral-small_free\app18
[2025-05-24 00:19:47] Application app18 created for mistralai/devstral-small:free (Backend Port: 5195, Frontend Port: 5695)
[2025-05-24 00:19:47] Creating app19 for mistralai/devstral-small:free in C:/Users/grabowmar/Desktop/ThesisAppsSvelte\models\mistralai_devstral-small_free\app19
[2025-05-24 00:19:47] Application app19 created for mistralai/devstral-small:free (Backend Port: 5197, Frontend Port: 5697)
[2025-05-24 00:19:47] Creating app20 for mistralai/devstral-small:free in C:/Users/grabowmar/Desktop/ThesisAppsSvelte\models\mistralai_devstral-small_free\app20
[2025-05-24 00:19:47] Application app20 created for mistralai/devstral-small:free (Backend Port: 5199, Frontend Port: 5699)
[2025-05-24 00:19:47] Creating app21 for mistralai/devstral-small:free in C:/Users/grabowmar/Desktop/ThesisAppsSvelte\models\mistralai_devstral-small_free\app21
[2025-05-24 00:19:47] Application app21 created for mistralai/devstral-small:free (Backend Port: 5201, Frontend Port: 5701)
[2025-05-24 00:19:47] Creating app22 for mistralai/devstral-small:free in C:/Users/grabowmar/Desktop/ThesisAppsSvelte\models\mistralai_devstral-small_free\app22
[2025-05-24 00:19:47] Application app22 created for mistralai/devstral-small:free (Backend Port: 5203, Frontend Port: 5703)
[2025-05-24 00:19:47] Creating app23 for mistralai/devstral-small:free in C:/Users/grabowmar/Desktop/ThesisAppsSvelte\models\mistralai_devstral-small_free\app23
[2025-05-24 00:19:47] Application app23 created for mistralai/devstral-small:free (Backend Port: 5205, Frontend Port: 5705)
[2025-05-24 00:19:47] Creating app24 for mistralai/devstral-small:free in C:/Users/grabowmar/Desktop/ThesisAppsSvelte\models\mistralai_devstral-small_free\app24
[2025-05-24 00:19:47] Application app24 created for mistralai/devstral-small:free (Backend Port: 5207, Frontend Port: 5707)
[2025-05-24 00:19:47] Creating app25 for mistralai/devstral-small:free in C:/Users/grabowmar/Desktop/ThesisAppsSvelte\models\mistralai_devstral-small_free\app25
[2025-05-24 00:19:47] Application app25 created for mistralai/devstral-small:free (Backend Port: 5209, Frontend Port: 5709)
[2025-05-24 00:19:47] Creating app26 for mistralai/devstral-small:free in C:/Users/grabowmar/Desktop/ThesisAppsSvelte\models\mistralai_devstral-small_free\app26
[2025-05-24 00:19:47] Application app26 created for mistralai/devstral-small:free (Backend Port: 5211, Frontend Port: 5711)
[2025-05-24 00:19:47] Creating app27 for mistralai/devstral-small:free in C:/Users/grabowmar/Desktop/ThesisAppsSvelte\models\mistralai_devstral-small_free\app27
[2025-05-24 00:19:47] Application app27 created for mistralai/devstral-small:free (Backend Port: 5213, Frontend Port: 5713)
[2025-05-24 00:19:47] Creating app28 for mistralai/devstral-small:free in C:/Users/grabowmar/Desktop/ThesisAppsSvelte\models\mistralai_devstral-small_free\app28
[2025-05-24 00:19:47] Application app28 created for mistralai/devstral-small:free (Backend Port: 5215, Frontend Port: 5715)
[2025-05-24 00:19:47] Creating app29 for mistralai/devstral-small:free in C:/Users/grabowmar/Desktop/ThesisAppsSvelte\models\mistralai_devstral-small_free\app29
[2025-05-24 00:19:47] Application app29 created for mistralai/devstral-small:free (Backend Port: 5217, Frontend Port: 5717)
[2025-05-24 00:19:47] Creating app30 for mistralai/devstral-small:free in C:/Users/grabowmar/Desktop/ThesisAppsSvelte\models\mistralai_devstral-small_free\app30
[2025-05-24 00:19:47] Application app30 created for mistralai/devstral-small:free (Backend Port: 5219, Frontend Port: 5719)
[2025-05-24 00:19:47] Successfully created all apps for mistralai/devstral-small:free.
