[2025-05-22 20:50:37] Port ranges for Meta-Llama_Llama_3.3_8B_Instruct:
[2025-05-22 20:50:37]   Backend: 5321-5380 (approx range end)
[2025-05-22 20:50:37]   Frontend: 5821-5880 (approx range end)
[2025-05-22 20:50:38] Ensured base directory exists: C:/Users/grabowmar/Desktop/ThesisAppsSvelte\models\Meta-Llama_Llama_3.3_8B_Instruct
[2025-05-22 20:50:38] Creating app1 for Meta-Llama_Llama_3.3_8B_Instruct in C:/Users/grabowmar/Desktop/ThesisAppsSvelte\models\Meta-Llama_Llama_3.3_8B_Instruct\app1
[2025-05-22 20:50:38] Application app1 created for Meta-Llama_Llama_3.3_8B_Instruct (Backend Port: 5321, Frontend Port: 5821)
[2025-05-22 20:50:38] Creating app2 for Meta-Llama_Llama_3.3_8B_Instruct in C:/Users/grabowmar/Desktop/ThesisAppsSvelte\models\Meta-Llama_Llama_3.3_8B_Instruct\app2
[2025-05-22 20:50:38] Application app2 created for Meta-Llama_Llama_3.3_8B_Instruct (Backend Port: 5323, Frontend Port: 5823)
[2025-05-22 20:50:38] Creating app3 for Meta-Llama_Llama_3.3_8B_Instruct in C:/Users/grabowmar/Desktop/ThesisAppsSvelte\models\Meta-Llama_Llama_3.3_8B_Instruct\app3
[2025-05-22 20:50:38] Application app3 created for Meta-Llama_Llama_3.3_8B_Instruct (Backend Port: 5325, Frontend Port: 5825)
[2025-05-22 20:50:38] Creating app4 for Meta-Llama_Llama_3.3_8B_Instruct in C:/Users/grabowmar/Desktop/ThesisAppsSvelte\models\Meta-Llama_Llama_3.3_8B_Instruct\app4
[2025-05-22 20:50:38] Application app4 created for Meta-Llama_Llama_3.3_8B_Instruct (Backend Port: 5327, Frontend Port: 5827)
[2025-05-22 20:50:38] Creating app5 for Meta-Llama_Llama_3.3_8B_Instruct in C:/Users/grabowmar/Desktop/ThesisAppsSvelte\models\Meta-Llama_Llama_3.3_8B_Instruct\app5
[2025-05-22 20:50:38] Application app5 created for Meta-Llama_Llama_3.3_8B_Instruct (Backend Port: 5329, Frontend Port: 5829)
[2025-05-22 20:50:38] Creating app6 for Meta-Llama_Llama_3.3_8B_Instruct in C:/Users/grabowmar/Desktop/ThesisAppsSvelte\models\Meta-Llama_Llama_3.3_8B_Instruct\app6
[2025-05-22 20:50:38] Application app6 created for Meta-Llama_Llama_3.3_8B_Instruct (Backend Port: 5331, Frontend Port: 5831)
[2025-05-22 20:50:38] Creating app7 for Meta-Llama_Llama_3.3_8B_Instruct in C:/Users/grabowmar/Desktop/ThesisAppsSvelte\models\Meta-Llama_Llama_3.3_8B_Instruct\app7
[2025-05-22 20:50:38] Application app7 created for Meta-Llama_Llama_3.3_8B_Instruct (Backend Port: 5333, Frontend Port: 5833)
[2025-05-22 20:50:38] Creating app8 for Meta-Llama_Llama_3.3_8B_Instruct in C:/Users/grabowmar/Desktop/ThesisAppsSvelte\models\Meta-Llama_Llama_3.3_8B_Instruct\app8
[2025-05-22 20:50:38] Application app8 created for Meta-Llama_Llama_3.3_8B_Instruct (Backend Port: 5335, Frontend Port: 5835)
[2025-05-22 20:50:38] Creating app9 for Meta-Llama_Llama_3.3_8B_Instruct in C:/Users/grabowmar/Desktop/ThesisAppsSvelte\models\Meta-Llama_Llama_3.3_8B_Instruct\app9
[2025-05-22 20:50:38] Application app9 created for Meta-Llama_Llama_3.3_8B_Instruct (Backend Port: 5337, Frontend Port: 5837)
[2025-05-22 20:50:38] Creating app10 for Meta-Llama_Llama_3.3_8B_Instruct in C:/Users/grabowmar/Desktop/ThesisAppsSvelte\models\Meta-Llama_Llama_3.3_8B_Instruct\app10
[2025-05-22 20:50:38] Application app10 created for Meta-Llama_Llama_3.3_8B_Instruct (Backend Port: 5339, Frontend Port: 5839)
[2025-05-22 20:50:38] Creating app11 for Meta-Llama_Llama_3.3_8B_Instruct in C:/Users/grabowmar/Desktop/ThesisAppsSvelte\models\Meta-Llama_Llama_3.3_8B_Instruct\app11
[2025-05-22 20:50:38] Application app11 created for Meta-Llama_Llama_3.3_8B_Instruct (Backend Port: 5341, Frontend Port: 5841)
[2025-05-22 20:50:38] Creating app12 for Meta-Llama_Llama_3.3_8B_Instruct in C:/Users/grabowmar/Desktop/ThesisAppsSvelte\models\Meta-Llama_Llama_3.3_8B_Instruct\app12
[2025-05-22 20:50:38] Application app12 created for Meta-Llama_Llama_3.3_8B_Instruct (Backend Port: 5343, Frontend Port: 5843)
[2025-05-22 20:50:38] Creating app13 for Meta-Llama_Llama_3.3_8B_Instruct in C:/Users/grabowmar/Desktop/ThesisAppsSvelte\models\Meta-Llama_Llama_3.3_8B_Instruct\app13
[2025-05-22 20:50:38] Application app13 created for Meta-Llama_Llama_3.3_8B_Instruct (Backend Port: 5345, Frontend Port: 5845)
[2025-05-22 20:50:38] Creating app14 for Meta-Llama_Llama_3.3_8B_Instruct in C:/Users/grabowmar/Desktop/ThesisAppsSvelte\models\Meta-Llama_Llama_3.3_8B_Instruct\app14
[2025-05-22 20:50:38] Application app14 created for Meta-Llama_Llama_3.3_8B_Instruct (Backend Port: 5347, Frontend Port: 5847)
[2025-05-22 20:50:38] Creating app15 for Meta-Llama_Llama_3.3_8B_Instruct in C:/Users/grabowmar/Desktop/ThesisAppsSvelte\models\Meta-Llama_Llama_3.3_8B_Instruct\app15
[2025-05-22 20:50:38] Application app15 created for Meta-Llama_Llama_3.3_8B_Instruct (Backend Port: 5349, Frontend Port: 5849)
[2025-05-22 20:50:38] Creating app16 for Meta-Llama_Llama_3.3_8B_Instruct in C:/Users/grabowmar/Desktop/ThesisAppsSvelte\models\Meta-Llama_Llama_3.3_8B_Instruct\app16
[2025-05-22 20:50:38] Application app16 created for Meta-Llama_Llama_3.3_8B_Instruct (Backend Port: 5351, Frontend Port: 5851)
[2025-05-22 20:50:38] Creating app17 for Meta-Llama_Llama_3.3_8B_Instruct in C:/Users/grabowmar/Desktop/ThesisAppsSvelte\models\Meta-Llama_Llama_3.3_8B_Instruct\app17
[2025-05-22 20:50:38] Application app17 created for Meta-Llama_Llama_3.3_8B_Instruct (Backend Port: 5353, Frontend Port: 5853)
[2025-05-22 20:50:38] Creating app18 for Meta-Llama_Llama_3.3_8B_Instruct in C:/Users/grabowmar/Desktop/ThesisAppsSvelte\models\Meta-Llama_Llama_3.3_8B_Instruct\app18
[2025-05-22 20:50:38] Application app18 created for Meta-Llama_Llama_3.3_8B_Instruct (Backend Port: 5355, Frontend Port: 5855)
[2025-05-22 20:50:38] Creating app19 for Meta-Llama_Llama_3.3_8B_Instruct in C:/Users/grabowmar/Desktop/ThesisAppsSvelte\models\Meta-Llama_Llama_3.3_8B_Instruct\app19
[2025-05-22 20:50:38] Application app19 created for Meta-Llama_Llama_3.3_8B_Instruct (Backend Port: 5357, Frontend Port: 5857)
[2025-05-22 20:50:38] Creating app20 for Meta-Llama_Llama_3.3_8B_Instruct in C:/Users/grabowmar/Desktop/ThesisAppsSvelte\models\Meta-Llama_Llama_3.3_8B_Instruct\app20
[2025-05-22 20:50:38] Application app20 created for Meta-Llama_Llama_3.3_8B_Instruct (Backend Port: 5359, Frontend Port: 5859)
[2025-05-22 20:50:38] Creating app21 for Meta-Llama_Llama_3.3_8B_Instruct in C:/Users/grabowmar/Desktop/ThesisAppsSvelte\models\Meta-Llama_Llama_3.3_8B_Instruct\app21
[2025-05-22 20:50:38] Application app21 created for Meta-Llama_Llama_3.3_8B_Instruct (Backend Port: 5361, Frontend Port: 5861)
[2025-05-22 20:50:38] Creating app22 for Meta-Llama_Llama_3.3_8B_Instruct in C:/Users/grabowmar/Desktop/ThesisAppsSvelte\models\Meta-Llama_Llama_3.3_8B_Instruct\app22
[2025-05-22 20:50:38] Application app22 created for Meta-Llama_Llama_3.3_8B_Instruct (Backend Port: 5363, Frontend Port: 5863)
[2025-05-22 20:50:38] Creating app23 for Meta-Llama_Llama_3.3_8B_Instruct in C:/Users/grabowmar/Desktop/ThesisAppsSvelte\models\Meta-Llama_Llama_3.3_8B_Instruct\app23
[2025-05-22 20:50:38] Application app23 created for Meta-Llama_Llama_3.3_8B_Instruct (Backend Port: 5365, Frontend Port: 5865)
[2025-05-22 20:50:38] Creating app24 for Meta-Llama_Llama_3.3_8B_Instruct in C:/Users/grabowmar/Desktop/ThesisAppsSvelte\models\Meta-Llama_Llama_3.3_8B_Instruct\app24
[2025-05-22 20:50:38] Application app24 created for Meta-Llama_Llama_3.3_8B_Instruct (Backend Port: 5367, Frontend Port: 5867)
[2025-05-22 20:50:38] Creating app25 for Meta-Llama_Llama_3.3_8B_Instruct in C:/Users/grabowmar/Desktop/ThesisAppsSvelte\models\Meta-Llama_Llama_3.3_8B_Instruct\app25
[2025-05-22 20:50:38] Application app25 created for Meta-Llama_Llama_3.3_8B_Instruct (Backend Port: 5369, Frontend Port: 5869)
[2025-05-22 20:50:38] Creating app26 for Meta-Llama_Llama_3.3_8B_Instruct in C:/Users/grabowmar/Desktop/ThesisAppsSvelte\models\Meta-Llama_Llama_3.3_8B_Instruct\app26
[2025-05-22 20:50:38] Application app26 created for Meta-Llama_Llama_3.3_8B_Instruct (Backend Port: 5371, Frontend Port: 5871)
[2025-05-22 20:50:38] Creating app27 for Meta-Llama_Llama_3.3_8B_Instruct in C:/Users/grabowmar/Desktop/ThesisAppsSvelte\models\Meta-Llama_Llama_3.3_8B_Instruct\app27
[2025-05-22 20:50:38] Application app27 created for Meta-Llama_Llama_3.3_8B_Instruct (Backend Port: 5373, Frontend Port: 5873)
[2025-05-22 20:50:38] Creating app28 for Meta-Llama_Llama_3.3_8B_Instruct in C:/Users/grabowmar/Desktop/ThesisAppsSvelte\models\Meta-Llama_Llama_3.3_8B_Instruct\app28
[2025-05-22 20:50:38] Application app28 created for Meta-Llama_Llama_3.3_8B_Instruct (Backend Port: 5375, Frontend Port: 5875)
[2025-05-22 20:50:38] Creating app29 for Meta-Llama_Llama_3.3_8B_Instruct in C:/Users/grabowmar/Desktop/ThesisAppsSvelte\models\Meta-Llama_Llama_3.3_8B_Instruct\app29
[2025-05-22 20:50:38] Application app29 created for Meta-Llama_Llama_3.3_8B_Instruct (Backend Port: 5377, Frontend Port: 5877)
[2025-05-22 20:50:38] Creating app30 for Meta-Llama_Llama_3.3_8B_Instruct in C:/Users/grabowmar/Desktop/ThesisAppsSvelte\models\Meta-Llama_Llama_3.3_8B_Instruct\app30
[2025-05-22 20:50:38] Application app30 created for Meta-Llama_Llama_3.3_8B_Instruct (Backend Port: 5379, Frontend Port: 5879)
[2025-05-22 20:50:38] Successfully created all apps for Meta-Llama_Llama_3.3_8B_Instruct.
