[2025-05-22 20:50:37] Port ranges for Meta-Llama_Llama-4_Scout:
[2025-05-22 20:50:37]   Backend: 6201-6260 (approx range end)
[2025-05-22 20:50:37]   Frontend: 6701-6760 (approx range end)
[2025-05-22 20:50:40] Ensured base directory exists: C:/Users/grabowmar/Desktop/ThesisAppsSvelte\models\Meta-Llama_Llama-4_Scout
[2025-05-22 20:50:40] Creating app1 for Meta-Llama_Llama-4_Scout in C:/Users/grabowmar/Desktop/ThesisAppsSvelte\models\Meta-Llama_Llama-4_Scout\app1
[2025-05-22 20:50:40] Application app1 created for Meta-Llama_Llama-4_Scout (Backend Port: 6201, Frontend Port: 6701)
[2025-05-22 20:50:40] Creating app2 for Meta-Llama_Llama-4_Scout in C:/Users/grabowmar/Desktop/ThesisAppsSvelte\models\Meta-Llama_Llama-4_Scout\app2
[2025-05-22 20:50:40] Application app2 created for Meta-Llama_Llama-4_Scout (Backend Port: 6203, Frontend Port: 6703)
[2025-05-22 20:50:40] Creating app3 for Meta-Llama_Llama-4_Scout in C:/Users/grabowmar/Desktop/ThesisAppsSvelte\models\Meta-Llama_Llama-4_Scout\app3
[2025-05-22 20:50:40] Application app3 created for Meta-Llama_Llama-4_Scout (Backend Port: 6205, Frontend Port: 6705)
[2025-05-22 20:50:40] Creating app4 for Meta-Llama_Llama-4_Scout in C:/Users/grabowmar/Desktop/ThesisAppsSvelte\models\Meta-Llama_Llama-4_Scout\app4
[2025-05-22 20:50:40] Application app4 created for Meta-Llama_Llama-4_Scout (Backend Port: 6207, Frontend Port: 6707)
[2025-05-22 20:50:40] Creating app5 for Meta-Llama_Llama-4_Scout in C:/Users/grabowmar/Desktop/ThesisAppsSvelte\models\Meta-Llama_Llama-4_Scout\app5
[2025-05-22 20:50:40] Application app5 created for Meta-Llama_Llama-4_Scout (Backend Port: 6209, Frontend Port: 6709)
[2025-05-22 20:50:40] Creating app6 for Meta-Llama_Llama-4_Scout in C:/Users/grabowmar/Desktop/ThesisAppsSvelte\models\Meta-Llama_Llama-4_Scout\app6
[2025-05-22 20:50:40] Application app6 created for Meta-Llama_Llama-4_Scout (Backend Port: 6211, Frontend Port: 6711)
[2025-05-22 20:50:40] Creating app7 for Meta-Llama_Llama-4_Scout in C:/Users/grabowmar/Desktop/ThesisAppsSvelte\models\Meta-Llama_Llama-4_Scout\app7
[2025-05-22 20:50:40] Application app7 created for Meta-Llama_Llama-4_Scout (Backend Port: 6213, Frontend Port: 6713)
[2025-05-22 20:50:40] Creating app8 for Meta-Llama_Llama-4_Scout in C:/Users/grabowmar/Desktop/ThesisAppsSvelte\models\Meta-Llama_Llama-4_Scout\app8
[2025-05-22 20:50:40] Application app8 created for Meta-Llama_Llama-4_Scout (Backend Port: 6215, Frontend Port: 6715)
[2025-05-22 20:50:40] Creating app9 for Meta-Llama_Llama-4_Scout in C:/Users/grabowmar/Desktop/ThesisAppsSvelte\models\Meta-Llama_Llama-4_Scout\app9
[2025-05-22 20:50:40] Application app9 created for Meta-Llama_Llama-4_Scout (Backend Port: 6217, Frontend Port: 6717)
[2025-05-22 20:50:40] Creating app10 for Meta-Llama_Llama-4_Scout in C:/Users/grabowmar/Desktop/ThesisAppsSvelte\models\Meta-Llama_Llama-4_Scout\app10
[2025-05-22 20:50:40] Application app10 created for Meta-Llama_Llama-4_Scout (Backend Port: 6219, Frontend Port: 6719)
[2025-05-22 20:50:40] Creating app11 for Meta-Llama_Llama-4_Scout in C:/Users/grabowmar/Desktop/ThesisAppsSvelte\models\Meta-Llama_Llama-4_Scout\app11
[2025-05-22 20:50:40] Application app11 created for Meta-Llama_Llama-4_Scout (Backend Port: 6221, Frontend Port: 6721)
[2025-05-22 20:50:40] Creating app12 for Meta-Llama_Llama-4_Scout in C:/Users/grabowmar/Desktop/ThesisAppsSvelte\models\Meta-Llama_Llama-4_Scout\app12
[2025-05-22 20:50:40] Application app12 created for Meta-Llama_Llama-4_Scout (Backend Port: 6223, Frontend Port: 6723)
[2025-05-22 20:50:40] Creating app13 for Meta-Llama_Llama-4_Scout in C:/Users/grabowmar/Desktop/ThesisAppsSvelte\models\Meta-Llama_Llama-4_Scout\app13
[2025-05-22 20:50:40] Application app13 created for Meta-Llama_Llama-4_Scout (Backend Port: 6225, Frontend Port: 6725)
[2025-05-22 20:50:40] Creating app14 for Meta-Llama_Llama-4_Scout in C:/Users/grabowmar/Desktop/ThesisAppsSvelte\models\Meta-Llama_Llama-4_Scout\app14
[2025-05-22 20:50:40] Application app14 created for Meta-Llama_Llama-4_Scout (Backend Port: 6227, Frontend Port: 6727)
[2025-05-22 20:50:40] Creating app15 for Meta-Llama_Llama-4_Scout in C:/Users/grabowmar/Desktop/ThesisAppsSvelte\models\Meta-Llama_Llama-4_Scout\app15
[2025-05-22 20:50:40] Application app15 created for Meta-Llama_Llama-4_Scout (Backend Port: 6229, Frontend Port: 6729)
[2025-05-22 20:50:40] Creating app16 for Meta-Llama_Llama-4_Scout in C:/Users/grabowmar/Desktop/ThesisAppsSvelte\models\Meta-Llama_Llama-4_Scout\app16
[2025-05-22 20:50:40] Application app16 created for Meta-Llama_Llama-4_Scout (Backend Port: 6231, Frontend Port: 6731)
[2025-05-22 20:50:40] Creating app17 for Meta-Llama_Llama-4_Scout in C:/Users/grabowmar/Desktop/ThesisAppsSvelte\models\Meta-Llama_Llama-4_Scout\app17
[2025-05-22 20:50:40] Application app17 created for Meta-Llama_Llama-4_Scout (Backend Port: 6233, Frontend Port: 6733)
[2025-05-22 20:50:40] Creating app18 for Meta-Llama_Llama-4_Scout in C:/Users/grabowmar/Desktop/ThesisAppsSvelte\models\Meta-Llama_Llama-4_Scout\app18
[2025-05-22 20:50:40] Application app18 created for Meta-Llama_Llama-4_Scout (Backend Port: 6235, Frontend Port: 6735)
[2025-05-22 20:50:40] Creating app19 for Meta-Llama_Llama-4_Scout in C:/Users/grabowmar/Desktop/ThesisAppsSvelte\models\Meta-Llama_Llama-4_Scout\app19
[2025-05-22 20:50:40] Application app19 created for Meta-Llama_Llama-4_Scout (Backend Port: 6237, Frontend Port: 6737)
[2025-05-22 20:50:40] Creating app20 for Meta-Llama_Llama-4_Scout in C:/Users/grabowmar/Desktop/ThesisAppsSvelte\models\Meta-Llama_Llama-4_Scout\app20
[2025-05-22 20:50:40] Application app20 created for Meta-Llama_Llama-4_Scout (Backend Port: 6239, Frontend Port: 6739)
[2025-05-22 20:50:40] Creating app21 for Meta-Llama_Llama-4_Scout in C:/Users/grabowmar/Desktop/ThesisAppsSvelte\models\Meta-Llama_Llama-4_Scout\app21
[2025-05-22 20:50:40] Application app21 created for Meta-Llama_Llama-4_Scout (Backend Port: 6241, Frontend Port: 6741)
[2025-05-22 20:50:40] Creating app22 for Meta-Llama_Llama-4_Scout in C:/Users/grabowmar/Desktop/ThesisAppsSvelte\models\Meta-Llama_Llama-4_Scout\app22
[2025-05-22 20:50:40] Application app22 created for Meta-Llama_Llama-4_Scout (Backend Port: 6243, Frontend Port: 6743)
[2025-05-22 20:50:40] Creating app23 for Meta-Llama_Llama-4_Scout in C:/Users/grabowmar/Desktop/ThesisAppsSvelte\models\Meta-Llama_Llama-4_Scout\app23
[2025-05-22 20:50:40] Application app23 created for Meta-Llama_Llama-4_Scout (Backend Port: 6245, Frontend Port: 6745)
[2025-05-22 20:50:40] Creating app24 for Meta-Llama_Llama-4_Scout in C:/Users/grabowmar/Desktop/ThesisAppsSvelte\models\Meta-Llama_Llama-4_Scout\app24
[2025-05-22 20:50:40] Application app24 created for Meta-Llama_Llama-4_Scout (Backend Port: 6247, Frontend Port: 6747)
[2025-05-22 20:50:40] Creating app25 for Meta-Llama_Llama-4_Scout in C:/Users/grabowmar/Desktop/ThesisAppsSvelte\models\Meta-Llama_Llama-4_Scout\app25
[2025-05-22 20:50:40] Application app25 created for Meta-Llama_Llama-4_Scout (Backend Port: 6249, Frontend Port: 6749)
[2025-05-22 20:50:40] Creating app26 for Meta-Llama_Llama-4_Scout in C:/Users/grabowmar/Desktop/ThesisAppsSvelte\models\Meta-Llama_Llama-4_Scout\app26
[2025-05-22 20:50:40] Application app26 created for Meta-Llama_Llama-4_Scout (Backend Port: 6251, Frontend Port: 6751)
[2025-05-22 20:50:40] Creating app27 for Meta-Llama_Llama-4_Scout in C:/Users/grabowmar/Desktop/ThesisAppsSvelte\models\Meta-Llama_Llama-4_Scout\app27
[2025-05-22 20:50:40] Application app27 created for Meta-Llama_Llama-4_Scout (Backend Port: 6253, Frontend Port: 6753)
[2025-05-22 20:50:40] Creating app28 for Meta-Llama_Llama-4_Scout in C:/Users/grabowmar/Desktop/ThesisAppsSvelte\models\Meta-Llama_Llama-4_Scout\app28
[2025-05-22 20:50:40] Application app28 created for Meta-Llama_Llama-4_Scout (Backend Port: 6255, Frontend Port: 6755)
[2025-05-22 20:50:40] Creating app29 for Meta-Llama_Llama-4_Scout in C:/Users/grabowmar/Desktop/ThesisAppsSvelte\models\Meta-Llama_Llama-4_Scout\app29
[2025-05-22 20:50:40] Application app29 created for Meta-Llama_Llama-4_Scout (Backend Port: 6257, Frontend Port: 6757)
[2025-05-22 20:50:40] Creating app30 for Meta-Llama_Llama-4_Scout in C:/Users/grabowmar/Desktop/ThesisAppsSvelte\models\Meta-Llama_Llama-4_Scout\app30
[2025-05-22 20:50:40] Application app30 created for Meta-Llama_Llama-4_Scout (Backend Port: 6259, Frontend Port: 6759)
[2025-05-22 20:50:40] Successfully created all apps for Meta-Llama_Llama-4_Scout.
