[2025-05-22 09:58:13] Port ranges for x-AI_Grok-3_Beta:
[2025-05-22 09:58:13]   Backend: 5721-5780 (approx range end)
[2025-05-22 09:58:13]   Frontend: 6221-6280 (approx range end)
[2025-05-22 09:58:15] Ensured base directory exists: C:/Users/grabowmar/Desktop/ThesisAppsSvelte\models\x-AI_Grok-3_Beta
[2025-05-22 09:58:15] Creating app1 for x-AI_Grok-3_Beta in C:/Users/grabowmar/Desktop/ThesisAppsSvelte\models\x-AI_Grok-3_Beta\app1
[2025-05-22 09:58:15] Application app1 created for x-AI_Grok-3_Beta (Backend Port: 5721, Frontend Port: 6221)
[2025-05-22 09:58:15] Creating app2 for x-AI_Grok-3_Beta in C:/Users/grabowmar/Desktop/ThesisAppsSvelte\models\x-AI_Grok-3_Beta\app2
[2025-05-22 09:58:15] Application app2 created for x-AI_Grok-3_Beta (Backend Port: 5723, Frontend Port: 6223)
[2025-05-22 09:58:15] Creating app3 for x-AI_Grok-3_Beta in C:/Users/grabowmar/Desktop/ThesisAppsSvelte\models\x-AI_Grok-3_Beta\app3
[2025-05-22 09:58:15] Application app3 created for x-AI_Grok-3_Beta (Backend Port: 5725, Frontend Port: 6225)
[2025-05-22 09:58:15] Creating app4 for x-AI_Grok-3_Beta in C:/Users/grabowmar/Desktop/ThesisAppsSvelte\models\x-AI_Grok-3_Beta\app4
[2025-05-22 09:58:15] Application app4 created for x-AI_Grok-3_Beta (Backend Port: 5727, Frontend Port: 6227)
[2025-05-22 09:58:15] Creating app5 for x-AI_Grok-3_Beta in C:/Users/grabowmar/Desktop/ThesisAppsSvelte\models\x-AI_Grok-3_Beta\app5
[2025-05-22 09:58:15] Application app5 created for x-AI_Grok-3_Beta (Backend Port: 5729, Frontend Port: 6229)
[2025-05-22 09:58:15] Creating app6 for x-AI_Grok-3_Beta in C:/Users/grabowmar/Desktop/ThesisAppsSvelte\models\x-AI_Grok-3_Beta\app6
[2025-05-22 09:58:15] Application app6 created for x-AI_Grok-3_Beta (Backend Port: 5731, Frontend Port: 6231)
[2025-05-22 09:58:15] Creating app7 for x-AI_Grok-3_Beta in C:/Users/grabowmar/Desktop/ThesisAppsSvelte\models\x-AI_Grok-3_Beta\app7
[2025-05-22 09:58:15] Application app7 created for x-AI_Grok-3_Beta (Backend Port: 5733, Frontend Port: 6233)
[2025-05-22 09:58:15] Creating app8 for x-AI_Grok-3_Beta in C:/Users/grabowmar/Desktop/ThesisAppsSvelte\models\x-AI_Grok-3_Beta\app8
[2025-05-22 09:58:15] Application app8 created for x-AI_Grok-3_Beta (Backend Port: 5735, Frontend Port: 6235)
[2025-05-22 09:58:15] Creating app9 for x-AI_Grok-3_Beta in C:/Users/grabowmar/Desktop/ThesisAppsSvelte\models\x-AI_Grok-3_Beta\app9
[2025-05-22 09:58:15] Application app9 created for x-AI_Grok-3_Beta (Backend Port: 5737, Frontend Port: 6237)
[2025-05-22 09:58:15] Creating app10 for x-AI_Grok-3_Beta in C:/Users/grabowmar/Desktop/ThesisAppsSvelte\models\x-AI_Grok-3_Beta\app10
[2025-05-22 09:58:15] Application app10 created for x-AI_Grok-3_Beta (Backend Port: 5739, Frontend Port: 6239)
[2025-05-22 09:58:15] Creating app11 for x-AI_Grok-3_Beta in C:/Users/grabowmar/Desktop/ThesisAppsSvelte\models\x-AI_Grok-3_Beta\app11
[2025-05-22 09:58:15] Application app11 created for x-AI_Grok-3_Beta (Backend Port: 5741, Frontend Port: 6241)
[2025-05-22 09:58:15] Creating app12 for x-AI_Grok-3_Beta in C:/Users/grabowmar/Desktop/ThesisAppsSvelte\models\x-AI_Grok-3_Beta\app12
[2025-05-22 09:58:15] Application app12 created for x-AI_Grok-3_Beta (Backend Port: 5743, Frontend Port: 6243)
[2025-05-22 09:58:15] Creating app13 for x-AI_Grok-3_Beta in C:/Users/grabowmar/Desktop/ThesisAppsSvelte\models\x-AI_Grok-3_Beta\app13
[2025-05-22 09:58:15] Application app13 created for x-AI_Grok-3_Beta (Backend Port: 5745, Frontend Port: 6245)
[2025-05-22 09:58:15] Creating app14 for x-AI_Grok-3_Beta in C:/Users/grabowmar/Desktop/ThesisAppsSvelte\models\x-AI_Grok-3_Beta\app14
[2025-05-22 09:58:15] Application app14 created for x-AI_Grok-3_Beta (Backend Port: 5747, Frontend Port: 6247)
[2025-05-22 09:58:15] Creating app15 for x-AI_Grok-3_Beta in C:/Users/grabowmar/Desktop/ThesisAppsSvelte\models\x-AI_Grok-3_Beta\app15
[2025-05-22 09:58:15] Application app15 created for x-AI_Grok-3_Beta (Backend Port: 5749, Frontend Port: 6249)
[2025-05-22 09:58:15] Creating app16 for x-AI_Grok-3_Beta in C:/Users/grabowmar/Desktop/ThesisAppsSvelte\models\x-AI_Grok-3_Beta\app16
[2025-05-22 09:58:15] Application app16 created for x-AI_Grok-3_Beta (Backend Port: 5751, Frontend Port: 6251)
[2025-05-22 09:58:15] Creating app17 for x-AI_Grok-3_Beta in C:/Users/grabowmar/Desktop/ThesisAppsSvelte\models\x-AI_Grok-3_Beta\app17
[2025-05-22 09:58:15] Application app17 created for x-AI_Grok-3_Beta (Backend Port: 5753, Frontend Port: 6253)
[2025-05-22 09:58:15] Creating app18 for x-AI_Grok-3_Beta in C:/Users/grabowmar/Desktop/ThesisAppsSvelte\models\x-AI_Grok-3_Beta\app18
[2025-05-22 09:58:15] Application app18 created for x-AI_Grok-3_Beta (Backend Port: 5755, Frontend Port: 6255)
[2025-05-22 09:58:15] Creating app19 for x-AI_Grok-3_Beta in C:/Users/grabowmar/Desktop/ThesisAppsSvelte\models\x-AI_Grok-3_Beta\app19
[2025-05-22 09:58:15] Application app19 created for x-AI_Grok-3_Beta (Backend Port: 5757, Frontend Port: 6257)
[2025-05-22 09:58:15] Creating app20 for x-AI_Grok-3_Beta in C:/Users/grabowmar/Desktop/ThesisAppsSvelte\models\x-AI_Grok-3_Beta\app20
[2025-05-22 09:58:15] Application app20 created for x-AI_Grok-3_Beta (Backend Port: 5759, Frontend Port: 6259)
[2025-05-22 09:58:15] Creating app21 for x-AI_Grok-3_Beta in C:/Users/grabowmar/Desktop/ThesisAppsSvelte\models\x-AI_Grok-3_Beta\app21
[2025-05-22 09:58:15] Application app21 created for x-AI_Grok-3_Beta (Backend Port: 5761, Frontend Port: 6261)
[2025-05-22 09:58:15] Creating app22 for x-AI_Grok-3_Beta in C:/Users/grabowmar/Desktop/ThesisAppsSvelte\models\x-AI_Grok-3_Beta\app22
[2025-05-22 09:58:15] Application app22 created for x-AI_Grok-3_Beta (Backend Port: 5763, Frontend Port: 6263)
[2025-05-22 09:58:15] Creating app23 for x-AI_Grok-3_Beta in C:/Users/grabowmar/Desktop/ThesisAppsSvelte\models\x-AI_Grok-3_Beta\app23
[2025-05-22 09:58:15] Application app23 created for x-AI_Grok-3_Beta (Backend Port: 5765, Frontend Port: 6265)
[2025-05-22 09:58:15] Creating app24 for x-AI_Grok-3_Beta in C:/Users/grabowmar/Desktop/ThesisAppsSvelte\models\x-AI_Grok-3_Beta\app24
[2025-05-22 09:58:15] Application app24 created for x-AI_Grok-3_Beta (Backend Port: 5767, Frontend Port: 6267)
[2025-05-22 09:58:15] Creating app25 for x-AI_Grok-3_Beta in C:/Users/grabowmar/Desktop/ThesisAppsSvelte\models\x-AI_Grok-3_Beta\app25
[2025-05-22 09:58:15] Application app25 created for x-AI_Grok-3_Beta (Backend Port: 5769, Frontend Port: 6269)
[2025-05-22 09:58:15] Creating app26 for x-AI_Grok-3_Beta in C:/Users/grabowmar/Desktop/ThesisAppsSvelte\models\x-AI_Grok-3_Beta\app26
[2025-05-22 09:58:15] Application app26 created for x-AI_Grok-3_Beta (Backend Port: 5771, Frontend Port: 6271)
[2025-05-22 09:58:15] Creating app27 for x-AI_Grok-3_Beta in C:/Users/grabowmar/Desktop/ThesisAppsSvelte\models\x-AI_Grok-3_Beta\app27
[2025-05-22 09:58:15] Application app27 created for x-AI_Grok-3_Beta (Backend Port: 5773, Frontend Port: 6273)
[2025-05-22 09:58:15] Creating app28 for x-AI_Grok-3_Beta in C:/Users/grabowmar/Desktop/ThesisAppsSvelte\models\x-AI_Grok-3_Beta\app28
[2025-05-22 09:58:15] Application app28 created for x-AI_Grok-3_Beta (Backend Port: 5775, Frontend Port: 6275)
[2025-05-22 09:58:15] Creating app29 for x-AI_Grok-3_Beta in C:/Users/grabowmar/Desktop/ThesisAppsSvelte\models\x-AI_Grok-3_Beta\app29
[2025-05-22 09:58:15] Application app29 created for x-AI_Grok-3_Beta (Backend Port: 5777, Frontend Port: 6277)
[2025-05-22 09:58:15] Creating app30 for x-AI_Grok-3_Beta in C:/Users/grabowmar/Desktop/ThesisAppsSvelte\models\x-AI_Grok-3_Beta\app30
[2025-05-22 09:58:15] Application app30 created for x-AI_Grok-3_Beta (Backend Port: 5779, Frontend Port: 6279)
[2025-05-22 09:58:15] Successfully created all apps for x-AI_Grok-3_Beta.
