[2025-05-24 00:32:28] Port ranges for thudm/glm-4-32b:
[2025-05-24 00:32:28]   Backend: 6361-6420
[2025-05-24 00:32:28]   Frontend: 6861-6920
[2025-05-24 00:32:30] Ensured base directory exists: C:/Users/grabowmar/Desktop/ThesisAppsSvelte\models\thudm_glm-4-32b
[2025-05-24 00:32:30] Creating app1 for thudm/glm-4-32b in C:/Users/grabowmar/Desktop/ThesisAppsSvelte\models\thudm_glm-4-32b\app1
[2025-05-24 00:32:30] Application app1 created for thudm/glm-4-32b (Backend Port: 6361, Frontend Port: 6861)
[2025-05-24 00:32:30] Creating app2 for thudm/glm-4-32b in C:/Users/grabowmar/Desktop/ThesisAppsSvelte\models\thudm_glm-4-32b\app2
[2025-05-24 00:32:30] Application app2 created for thudm/glm-4-32b (Backend Port: 6363, Frontend Port: 6863)
[2025-05-24 00:32:30] Creating app3 for thudm/glm-4-32b in C:/Users/grabowmar/Desktop/ThesisAppsSvelte\models\thudm_glm-4-32b\app3
[2025-05-24 00:32:30] Application app3 created for thudm/glm-4-32b (Backend Port: 6365, Frontend Port: 6865)
[2025-05-24 00:32:30] Creating app4 for thudm/glm-4-32b in C:/Users/grabowmar/Desktop/ThesisAppsSvelte\models\thudm_glm-4-32b\app4
[2025-05-24 00:32:30] Application app4 created for thudm/glm-4-32b (Backend Port: 6367, Frontend Port: 6867)
[2025-05-24 00:32:30] Creating app5 for thudm/glm-4-32b in C:/Users/grabowmar/Desktop/ThesisAppsSvelte\models\thudm_glm-4-32b\app5
[2025-05-24 00:32:30] Application app5 created for thudm/glm-4-32b (Backend Port: 6369, Frontend Port: 6869)
[2025-05-24 00:32:30] Creating app6 for thudm/glm-4-32b in C:/Users/grabowmar/Desktop/ThesisAppsSvelte\models\thudm_glm-4-32b\app6
[2025-05-24 00:32:30] Application app6 created for thudm/glm-4-32b (Backend Port: 6371, Frontend Port: 6871)
[2025-05-24 00:32:30] Creating app7 for thudm/glm-4-32b in C:/Users/grabowmar/Desktop/ThesisAppsSvelte\models\thudm_glm-4-32b\app7
[2025-05-24 00:32:30] Application app7 created for thudm/glm-4-32b (Backend Port: 6373, Frontend Port: 6873)
[2025-05-24 00:32:30] Creating app8 for thudm/glm-4-32b in C:/Users/grabowmar/Desktop/ThesisAppsSvelte\models\thudm_glm-4-32b\app8
[2025-05-24 00:32:30] Application app8 created for thudm/glm-4-32b (Backend Port: 6375, Frontend Port: 6875)
[2025-05-24 00:32:30] Creating app9 for thudm/glm-4-32b in C:/Users/grabowmar/Desktop/ThesisAppsSvelte\models\thudm_glm-4-32b\app9
[2025-05-24 00:32:30] Application app9 created for thudm/glm-4-32b (Backend Port: 6377, Frontend Port: 6877)
[2025-05-24 00:32:30] Creating app10 for thudm/glm-4-32b in C:/Users/grabowmar/Desktop/ThesisAppsSvelte\models\thudm_glm-4-32b\app10
[2025-05-24 00:32:30] Application app10 created for thudm/glm-4-32b (Backend Port: 6379, Frontend Port: 6879)
[2025-05-24 00:32:30] Creating app11 for thudm/glm-4-32b in C:/Users/grabowmar/Desktop/ThesisAppsSvelte\models\thudm_glm-4-32b\app11
[2025-05-24 00:32:30] Application app11 created for thudm/glm-4-32b (Backend Port: 6381, Frontend Port: 6881)
[2025-05-24 00:32:30] Creating app12 for thudm/glm-4-32b in C:/Users/grabowmar/Desktop/ThesisAppsSvelte\models\thudm_glm-4-32b\app12
[2025-05-24 00:32:30] Application app12 created for thudm/glm-4-32b (Backend Port: 6383, Frontend Port: 6883)
[2025-05-24 00:32:30] Creating app13 for thudm/glm-4-32b in C:/Users/grabowmar/Desktop/ThesisAppsSvelte\models\thudm_glm-4-32b\app13
[2025-05-24 00:32:30] Application app13 created for thudm/glm-4-32b (Backend Port: 6385, Frontend Port: 6885)
[2025-05-24 00:32:30] Creating app14 for thudm/glm-4-32b in C:/Users/grabowmar/Desktop/ThesisAppsSvelte\models\thudm_glm-4-32b\app14
[2025-05-24 00:32:30] Application app14 created for thudm/glm-4-32b (Backend Port: 6387, Frontend Port: 6887)
[2025-05-24 00:32:30] Creating app15 for thudm/glm-4-32b in C:/Users/grabowmar/Desktop/ThesisAppsSvelte\models\thudm_glm-4-32b\app15
[2025-05-24 00:32:30] Application app15 created for thudm/glm-4-32b (Backend Port: 6389, Frontend Port: 6889)
[2025-05-24 00:32:30] Creating app16 for thudm/glm-4-32b in C:/Users/grabowmar/Desktop/ThesisAppsSvelte\models\thudm_glm-4-32b\app16
[2025-05-24 00:32:30] Application app16 created for thudm/glm-4-32b (Backend Port: 6391, Frontend Port: 6891)
[2025-05-24 00:32:30] Creating app17 for thudm/glm-4-32b in C:/Users/grabowmar/Desktop/ThesisAppsSvelte\models\thudm_glm-4-32b\app17
[2025-05-24 00:32:30] Application app17 created for thudm/glm-4-32b (Backend Port: 6393, Frontend Port: 6893)
[2025-05-24 00:32:30] Creating app18 for thudm/glm-4-32b in C:/Users/grabowmar/Desktop/ThesisAppsSvelte\models\thudm_glm-4-32b\app18
[2025-05-24 00:32:30] Application app18 created for thudm/glm-4-32b (Backend Port: 6395, Frontend Port: 6895)
[2025-05-24 00:32:30] Creating app19 for thudm/glm-4-32b in C:/Users/grabowmar/Desktop/ThesisAppsSvelte\models\thudm_glm-4-32b\app19
[2025-05-24 00:32:30] Application app19 created for thudm/glm-4-32b (Backend Port: 6397, Frontend Port: 6897)
[2025-05-24 00:32:30] Creating app20 for thudm/glm-4-32b in C:/Users/grabowmar/Desktop/ThesisAppsSvelte\models\thudm_glm-4-32b\app20
[2025-05-24 00:32:30] Application app20 created for thudm/glm-4-32b (Backend Port: 6399, Frontend Port: 6899)
[2025-05-24 00:32:30] Creating app21 for thudm/glm-4-32b in C:/Users/grabowmar/Desktop/ThesisAppsSvelte\models\thudm_glm-4-32b\app21
[2025-05-24 00:32:30] Application app21 created for thudm/glm-4-32b (Backend Port: 6401, Frontend Port: 6901)
[2025-05-24 00:32:30] Creating app22 for thudm/glm-4-32b in C:/Users/grabowmar/Desktop/ThesisAppsSvelte\models\thudm_glm-4-32b\app22
[2025-05-24 00:32:30] Application app22 created for thudm/glm-4-32b (Backend Port: 6403, Frontend Port: 6903)
[2025-05-24 00:32:30] Creating app23 for thudm/glm-4-32b in C:/Users/grabowmar/Desktop/ThesisAppsSvelte\models\thudm_glm-4-32b\app23
[2025-05-24 00:32:30] Application app23 created for thudm/glm-4-32b (Backend Port: 6405, Frontend Port: 6905)
[2025-05-24 00:32:30] Creating app24 for thudm/glm-4-32b in C:/Users/grabowmar/Desktop/ThesisAppsSvelte\models\thudm_glm-4-32b\app24
[2025-05-24 00:32:30] Application app24 created for thudm/glm-4-32b (Backend Port: 6407, Frontend Port: 6907)
[2025-05-24 00:32:30] Creating app25 for thudm/glm-4-32b in C:/Users/grabowmar/Desktop/ThesisAppsSvelte\models\thudm_glm-4-32b\app25
[2025-05-24 00:32:30] Application app25 created for thudm/glm-4-32b (Backend Port: 6409, Frontend Port: 6909)
[2025-05-24 00:32:30] Creating app26 for thudm/glm-4-32b in C:/Users/grabowmar/Desktop/ThesisAppsSvelte\models\thudm_glm-4-32b\app26
[2025-05-24 00:32:30] Application app26 created for thudm/glm-4-32b (Backend Port: 6411, Frontend Port: 6911)
[2025-05-24 00:32:30] Creating app27 for thudm/glm-4-32b in C:/Users/grabowmar/Desktop/ThesisAppsSvelte\models\thudm_glm-4-32b\app27
[2025-05-24 00:32:30] Application app27 created for thudm/glm-4-32b (Backend Port: 6413, Frontend Port: 6913)
[2025-05-24 00:32:30] Creating app28 for thudm/glm-4-32b in C:/Users/grabowmar/Desktop/ThesisAppsSvelte\models\thudm_glm-4-32b\app28
[2025-05-24 00:32:30] Application app28 created for thudm/glm-4-32b (Backend Port: 6415, Frontend Port: 6915)
[2025-05-24 00:32:30] Creating app29 for thudm/glm-4-32b in C:/Users/grabowmar/Desktop/ThesisAppsSvelte\models\thudm_glm-4-32b\app29
[2025-05-24 00:32:30] Application app29 created for thudm/glm-4-32b (Backend Port: 6417, Frontend Port: 6917)
[2025-05-24 00:32:30] Creating app30 for thudm/glm-4-32b in C:/Users/grabowmar/Desktop/ThesisAppsSvelte\models\thudm_glm-4-32b\app30
[2025-05-24 00:32:30] Application app30 created for thudm/glm-4-32b (Backend Port: 6419, Frontend Port: 6919)
[2025-05-24 00:32:30] Successfully created all apps for thudm/glm-4-32b.
